02-Feb-25 15:11:42 - Initalizing training for window: hann
02-Feb-25 15:11:42 - Using device: cuda
02-Feb-25 15:11:42 - Getting data loaders
02-Feb-25 15:11:42 - Data loaders ready
02-Feb-25 15:11:42 - Starting training
02-Feb-25 15:11:43 - Epoch 1/100 - Train Loss: 0.6596 - Test Loss: 0.7864
02-Feb-25 15:11:43 - Epoch 2/100 - Train Loss: 0.3874 - Test Loss: 0.9610
02-Feb-25 15:11:43 - Epoch 3/100 - Train Loss: 0.1573 - Test Loss: 0.9791
02-Feb-25 15:11:44 - Epoch 4/100 - Train Loss: 0.0956 - Test Loss: 0.9798
02-Feb-25 15:11:44 - Epoch 5/100 - Train Loss: 0.0371 - Test Loss: 0.9827
02-Feb-25 15:11:44 - Epoch 6/100 - Train Loss: 0.0152 - Test Loss: 0.9832
02-Feb-25 15:11:44 - Epoch 7/100 - Train Loss: 0.0090 - Test Loss: 0.9816
02-Feb-25 15:11:45 - Epoch 8/100 - Train Loss: 0.0069 - Test Loss: 0.9778
02-Feb-25 15:11:45 - Epoch 9/100 - Train Loss: 0.0054 - Test Loss: 0.9737
02-Feb-25 15:11:45 - Epoch 10/100 - Train Loss: 0.0032 - Test Loss: 0.9697
02-Feb-25 15:11:45 - Epoch 11/100 - Train Loss: 0.0020 - Test Loss: 0.9621
02-Feb-25 15:11:45 - Epoch 12/100 - Train Loss: 0.0015 - Test Loss: 0.9465
02-Feb-25 15:11:46 - Epoch 13/100 - Train Loss: 0.0012 - Test Loss: 0.9245
02-Feb-25 15:11:46 - Epoch 14/100 - Train Loss: 0.0010 - Test Loss: 0.9095
02-Feb-25 15:11:46 - Epoch 15/100 - Train Loss: 0.0008 - Test Loss: 0.8951
02-Feb-25 15:11:46 - Epoch 16/100 - Train Loss: 0.0006 - Test Loss: 0.8714
02-Feb-25 15:11:47 - Epoch 17/100 - Train Loss: 0.0005 - Test Loss: 0.8471
02-Feb-25 15:11:47 - Epoch 18/100 - Train Loss: 0.0003 - Test Loss: 0.8263
02-Feb-25 15:11:47 - Epoch 19/100 - Train Loss: 0.0003 - Test Loss: 0.8021
02-Feb-25 15:11:47 - Epoch 20/100 - Train Loss: 0.0002 - Test Loss: 0.7876
02-Feb-25 15:11:47 - Epoch 21/100 - Train Loss: 0.0001 - Test Loss: 0.7791
02-Feb-25 15:11:48 - Epoch 22/100 - Train Loss: 0.0001 - Test Loss: 0.7727
02-Feb-25 15:11:48 - Epoch 23/100 - Train Loss: 0.0001 - Test Loss: 0.7696
02-Feb-25 15:11:48 - Epoch 24/100 - Train Loss: 0.0000 - Test Loss: 0.7605
02-Feb-25 15:11:48 - Epoch 25/100 - Train Loss: 0.0000 - Test Loss: 0.7314
02-Feb-25 15:11:48 - Epoch 26/100 - Train Loss: 0.0000 - Test Loss: 0.6776
02-Feb-25 15:11:49 - Epoch 27/100 - Train Loss: 0.0000 - Test Loss: 0.6162
02-Feb-25 15:11:49 - Epoch 28/100 - Train Loss: 0.0000 - Test Loss: 0.5511
02-Feb-25 15:11:49 - Epoch 29/100 - Train Loss: 0.0000 - Test Loss: 0.4941
02-Feb-25 15:11:49 - Epoch 30/100 - Train Loss: 0.0000 - Test Loss: 0.4515
02-Feb-25 15:11:50 - Epoch 31/100 - Train Loss: 0.0000 - Test Loss: 0.4248
02-Feb-25 15:11:50 - Epoch 32/100 - Train Loss: 0.0000 - Test Loss: 0.4095
02-Feb-25 15:11:50 - Epoch 33/100 - Train Loss: 0.0000 - Test Loss: 0.3930
02-Feb-25 15:11:50 - Epoch 34/100 - Train Loss: 0.0000 - Test Loss: 0.3695
02-Feb-25 15:11:50 - Epoch 35/100 - Train Loss: 0.0000 - Test Loss: 0.3441
02-Feb-25 15:11:51 - Epoch 36/100 - Train Loss: 0.0000 - Test Loss: 0.3219
02-Feb-25 15:11:51 - Epoch 37/100 - Train Loss: 0.0000 - Test Loss: 0.3041
02-Feb-25 15:11:51 - Epoch 38/100 - Train Loss: 0.0000 - Test Loss: 0.2900
02-Feb-25 15:11:51 - Epoch 39/100 - Train Loss: 0.0000 - Test Loss: 0.2794
02-Feb-25 15:11:51 - Epoch 40/100 - Train Loss: 0.0000 - Test Loss: 0.2717
02-Feb-25 15:11:52 - Epoch 41/100 - Train Loss: 0.0000 - Test Loss: 0.2665
02-Feb-25 15:11:52 - Epoch 42/100 - Train Loss: 0.0000 - Test Loss: 0.2634
02-Feb-25 15:11:52 - Epoch 43/100 - Train Loss: 0.0000 - Test Loss: 0.2610
02-Feb-25 15:11:52 - Epoch 44/100 - Train Loss: 0.0000 - Test Loss: 0.2582
02-Feb-25 15:11:53 - Epoch 45/100 - Train Loss: 0.0000 - Test Loss: 0.2546
02-Feb-25 15:11:53 - Epoch 46/100 - Train Loss: 0.0000 - Test Loss: 0.2506
02-Feb-25 15:11:53 - Epoch 47/100 - Train Loss: 0.0000 - Test Loss: 0.2472
02-Feb-25 15:11:53 - Epoch 48/100 - Train Loss: 0.0000 - Test Loss: 0.2448
02-Feb-25 15:11:53 - Epoch 49/100 - Train Loss: 0.0000 - Test Loss: 0.2434
02-Feb-25 15:11:54 - Epoch 50/100 - Train Loss: 0.0000 - Test Loss: 0.2429
02-Feb-25 15:11:54 - Epoch 51/100 - Train Loss: 0.0000 - Test Loss: 0.2431
02-Feb-25 15:11:54 - Epoch 52/100 - Train Loss: 0.0000 - Test Loss: 0.2438
02-Feb-25 15:11:54 - Epoch 53/100 - Train Loss: 0.0000 - Test Loss: 0.2450
02-Feb-25 15:11:54 - Epoch 54/100 - Train Loss: 0.0000 - Test Loss: 0.2465
02-Feb-25 15:11:55 - Epoch 55/100 - Train Loss: 0.0000 - Test Loss: 0.2483
02-Feb-25 15:11:55 - Epoch 56/100 - Train Loss: 0.0000 - Test Loss: 0.2504
02-Feb-25 15:11:55 - Epoch 57/100 - Train Loss: 0.0000 - Test Loss: 0.2528
02-Feb-25 15:11:55 - Epoch 58/100 - Train Loss: 0.0000 - Test Loss: 0.2551
02-Feb-25 15:11:56 - Epoch 59/100 - Train Loss: 0.0000 - Test Loss: 0.2573
02-Feb-25 15:11:56 - Epoch 60/100 - Train Loss: 0.0000 - Test Loss: 0.2592
02-Feb-25 15:11:56 - Epoch 61/100 - Train Loss: 0.0000 - Test Loss: 0.2609
02-Feb-25 15:11:56 - Epoch 62/100 - Train Loss: 0.0000 - Test Loss: 0.2624
02-Feb-25 15:11:56 - Epoch 63/100 - Train Loss: 0.0000 - Test Loss: 0.2638
02-Feb-25 15:11:57 - Epoch 64/100 - Train Loss: 0.0000 - Test Loss: 0.2651
02-Feb-25 15:11:57 - Epoch 65/100 - Train Loss: 0.0000 - Test Loss: 0.2663
02-Feb-25 15:11:57 - Epoch 66/100 - Train Loss: 0.0000 - Test Loss: 0.2674
02-Feb-25 15:11:57 - Epoch 67/100 - Train Loss: 0.0000 - Test Loss: 0.2684
02-Feb-25 15:11:57 - Epoch 68/100 - Train Loss: 0.0000 - Test Loss: 0.2693
02-Feb-25 15:11:58 - Epoch 69/100 - Train Loss: 0.0000 - Test Loss: 0.2702
02-Feb-25 15:11:58 - Epoch 70/100 - Train Loss: 0.0000 - Test Loss: 0.2709
02-Feb-25 15:11:58 - Epoch 71/100 - Train Loss: 0.0000 - Test Loss: 0.2716
02-Feb-25 15:11:58 - Epoch 72/100 - Train Loss: 0.0000 - Test Loss: 0.2723
02-Feb-25 15:11:59 - Epoch 73/100 - Train Loss: 0.0000 - Test Loss: 0.2729
02-Feb-25 15:11:59 - Epoch 74/100 - Train Loss: 0.0000 - Test Loss: 0.2734
02-Feb-25 15:11:59 - Epoch 75/100 - Train Loss: 0.0000 - Test Loss: 0.2739
02-Feb-25 15:11:59 - Epoch 76/100 - Train Loss: 0.0000 - Test Loss: 0.2743
02-Feb-25 15:11:59 - Epoch 77/100 - Train Loss: 0.0000 - Test Loss: 0.2747
02-Feb-25 15:12:00 - Epoch 78/100 - Train Loss: 0.0000 - Test Loss: 0.2751
02-Feb-25 15:12:00 - Epoch 79/100 - Train Loss: 0.0000 - Test Loss: 0.2754
02-Feb-25 15:12:00 - Epoch 80/100 - Train Loss: 0.0000 - Test Loss: 0.2757
02-Feb-25 15:12:00 - Epoch 81/100 - Train Loss: 0.0000 - Test Loss: 0.2760
02-Feb-25 15:12:01 - Epoch 82/100 - Train Loss: 0.0000 - Test Loss: 0.2762
02-Feb-25 15:12:01 - Epoch 83/100 - Train Loss: 0.0000 - Test Loss: 0.2765
02-Feb-25 15:12:01 - Epoch 84/100 - Train Loss: 0.0000 - Test Loss: 0.2767
02-Feb-25 15:12:01 - Epoch 85/100 - Train Loss: 0.0000 - Test Loss: 0.2768
02-Feb-25 15:12:01 - Epoch 86/100 - Train Loss: 0.0000 - Test Loss: 0.2770
02-Feb-25 15:12:02 - Epoch 87/100 - Train Loss: 0.0000 - Test Loss: 0.2772
02-Feb-25 15:12:02 - Epoch 88/100 - Train Loss: 0.0000 - Test Loss: 0.2773
02-Feb-25 15:12:02 - Epoch 89/100 - Train Loss: 0.0000 - Test Loss: 0.2774
02-Feb-25 15:12:02 - Epoch 90/100 - Train Loss: 0.0000 - Test Loss: 0.2775
02-Feb-25 15:12:02 - Epoch 91/100 - Train Loss: 0.0000 - Test Loss: 0.2776
02-Feb-25 15:12:03 - Epoch 92/100 - Train Loss: 0.0000 - Test Loss: 0.2777
02-Feb-25 15:12:03 - Epoch 93/100 - Train Loss: 0.0000 - Test Loss: 0.2778
02-Feb-25 15:12:03 - Epoch 94/100 - Train Loss: 0.0000 - Test Loss: 0.2779
02-Feb-25 15:12:03 - Epoch 95/100 - Train Loss: 0.0000 - Test Loss: 0.2780
02-Feb-25 15:12:04 - Epoch 96/100 - Train Loss: 0.0000 - Test Loss: 0.2780
02-Feb-25 15:12:04 - Epoch 97/100 - Train Loss: 0.0000 - Test Loss: 0.2781
02-Feb-25 15:12:04 - Epoch 98/100 - Train Loss: 0.0000 - Test Loss: 0.2781
02-Feb-25 15:12:04 - Epoch 99/100 - Train Loss: 0.0000 - Test Loss: 0.2782
02-Feb-25 15:12:04 - Epoch 100/100 - Train Loss: 0.0000 - Test Loss: 0.2782
02-Feb-25 15:12:04 - Training complete
02-Feb-25 15:12:04 - Saving embeddings
02-Feb-25 15:12:04 - Getting embeddings for class: children_playing
02-Feb-25 15:12:16 - Getting embeddings for class: air_conditioner
02-Feb-25 15:12:27 - Getting embeddings for class: jackhammer
02-Feb-25 15:12:38 - Getting embeddings for class: siren
02-Feb-25 15:12:48 - Getting embeddings for class: street_music
02-Feb-25 15:12:59 - Getting embeddings for class: dog_bark
02-Feb-25 15:13:10 - Getting embeddings for class: drilling
02-Feb-25 15:13:21 - Getting embeddings for class: car_horn
02-Feb-25 15:13:25 - Getting embeddings for class: gun_shot
02-Feb-25 15:13:29 - Getting embeddings for class: engine_idling
02-Feb-25 15:13:46 - Embeddings saved
02-Feb-25 15:13:46 - Saving model
02-Feb-25 15:13:46 - Done
02-Feb-25 15:13:46 - -----------------------------------


02-Feb-25 15:13:46 - Initalizing training for window: hamming
02-Feb-25 15:13:46 - Using device: cuda
02-Feb-25 15:13:46 - Getting data loaders
02-Feb-25 15:13:46 - Data loaders ready
02-Feb-25 15:13:46 - Starting training
02-Feb-25 15:13:46 - Epoch 1/100 - Train Loss: 0.6544 - Test Loss: 0.8091
02-Feb-25 15:13:46 - Epoch 2/100 - Train Loss: 0.3960 - Test Loss: 0.7965
02-Feb-25 15:13:47 - Epoch 3/100 - Train Loss: 0.2580 - Test Loss: 0.7628
02-Feb-25 15:13:47 - Epoch 4/100 - Train Loss: 0.1444 - Test Loss: 0.7261
02-Feb-25 15:13:47 - Epoch 5/100 - Train Loss: 0.1688 - Test Loss: 0.7655
02-Feb-25 15:13:47 - Epoch 6/100 - Train Loss: 0.0869 - Test Loss: 0.7363
02-Feb-25 15:13:47 - Epoch 7/100 - Train Loss: 0.0608 - Test Loss: 0.6075
02-Feb-25 15:13:48 - Epoch 8/100 - Train Loss: 0.0373 - Test Loss: 0.5418
02-Feb-25 15:13:48 - Epoch 9/100 - Train Loss: 0.0264 - Test Loss: 0.4962
02-Feb-25 15:13:48 - Epoch 10/100 - Train Loss: 0.0162 - Test Loss: 0.5242
02-Feb-25 15:13:48 - Epoch 11/100 - Train Loss: 0.0110 - Test Loss: 0.5561
02-Feb-25 15:13:48 - Epoch 12/100 - Train Loss: 0.0074 - Test Loss: 0.5587
02-Feb-25 15:13:49 - Epoch 13/100 - Train Loss: 0.0045 - Test Loss: 0.5653
02-Feb-25 15:13:49 - Epoch 14/100 - Train Loss: 0.0035 - Test Loss: 0.6042
02-Feb-25 15:13:49 - Epoch 15/100 - Train Loss: 0.0019 - Test Loss: 0.6580
02-Feb-25 15:13:49 - Epoch 16/100 - Train Loss: 0.0012 - Test Loss: 0.6883
02-Feb-25 15:13:50 - Epoch 17/100 - Train Loss: 0.0011 - Test Loss: 0.6845
02-Feb-25 15:13:50 - Epoch 18/100 - Train Loss: 0.0007 - Test Loss: 0.6719
02-Feb-25 15:13:50 - Epoch 19/100 - Train Loss: 0.0005 - Test Loss: 0.6626
02-Feb-25 15:13:50 - Epoch 20/100 - Train Loss: 0.0003 - Test Loss: 0.6517
02-Feb-25 15:13:50 - Epoch 21/100 - Train Loss: 0.0002 - Test Loss: 0.6424
02-Feb-25 15:13:51 - Epoch 22/100 - Train Loss: 0.0002 - Test Loss: 0.6364
02-Feb-25 15:13:51 - Epoch 23/100 - Train Loss: 0.0001 - Test Loss: 0.6338
02-Feb-25 15:13:51 - Epoch 24/100 - Train Loss: 0.0001 - Test Loss: 0.6312
02-Feb-25 15:13:51 - Epoch 25/100 - Train Loss: 0.0001 - Test Loss: 0.6290
02-Feb-25 15:13:51 - Epoch 26/100 - Train Loss: 0.0000 - Test Loss: 0.6269
02-Feb-25 15:13:52 - Epoch 27/100 - Train Loss: 0.0000 - Test Loss: 0.6265
02-Feb-25 15:13:52 - Epoch 28/100 - Train Loss: 0.0000 - Test Loss: 0.6251
02-Feb-25 15:13:52 - Epoch 29/100 - Train Loss: 0.0000 - Test Loss: 0.6179
02-Feb-25 15:13:52 - Epoch 30/100 - Train Loss: 0.0000 - Test Loss: 0.6051
02-Feb-25 15:13:53 - Epoch 31/100 - Train Loss: 0.0000 - Test Loss: 0.5923
02-Feb-25 15:13:53 - Epoch 32/100 - Train Loss: 0.0000 - Test Loss: 0.5775
02-Feb-25 15:13:53 - Epoch 33/100 - Train Loss: 0.0000 - Test Loss: 0.5542
02-Feb-25 15:13:53 - Epoch 34/100 - Train Loss: 0.0000 - Test Loss: 0.5220
02-Feb-25 15:13:53 - Epoch 35/100 - Train Loss: 0.0000 - Test Loss: 0.4845
02-Feb-25 15:13:54 - Epoch 36/100 - Train Loss: 0.0000 - Test Loss: 0.4434
02-Feb-25 15:13:54 - Epoch 37/100 - Train Loss: 0.0000 - Test Loss: 0.4032
02-Feb-25 15:13:54 - Epoch 38/100 - Train Loss: 0.0000 - Test Loss: 0.3691
02-Feb-25 15:13:54 - Epoch 39/100 - Train Loss: 0.0000 - Test Loss: 0.3419
02-Feb-25 15:13:54 - Epoch 40/100 - Train Loss: 0.0000 - Test Loss: 0.3207
02-Feb-25 15:13:55 - Epoch 41/100 - Train Loss: 0.0000 - Test Loss: 0.3046
02-Feb-25 15:13:55 - Epoch 42/100 - Train Loss: 0.0000 - Test Loss: 0.2923
02-Feb-25 15:13:55 - Epoch 43/100 - Train Loss: 0.0000 - Test Loss: 0.2829
02-Feb-25 15:13:55 - Epoch 44/100 - Train Loss: 0.0000 - Test Loss: 0.2758
02-Feb-25 15:13:56 - Epoch 45/100 - Train Loss: 0.0000 - Test Loss: 0.2704
02-Feb-25 15:13:56 - Epoch 46/100 - Train Loss: 0.0000 - Test Loss: 0.2663
02-Feb-25 15:13:56 - Epoch 47/100 - Train Loss: 0.0000 - Test Loss: 0.2633
02-Feb-25 15:13:56 - Epoch 48/100 - Train Loss: 0.0000 - Test Loss: 0.2610
02-Feb-25 15:13:56 - Epoch 49/100 - Train Loss: 0.0000 - Test Loss: 0.2593
02-Feb-25 15:13:57 - Epoch 50/100 - Train Loss: 0.0000 - Test Loss: 0.2581
02-Feb-25 15:13:57 - Epoch 51/100 - Train Loss: 0.0000 - Test Loss: 0.2573
02-Feb-25 15:13:57 - Epoch 52/100 - Train Loss: 0.0000 - Test Loss: 0.2567
02-Feb-25 15:13:57 - Epoch 53/100 - Train Loss: 0.0000 - Test Loss: 0.2564
02-Feb-25 15:13:57 - Epoch 54/100 - Train Loss: 0.0000 - Test Loss: 0.2562
02-Feb-25 15:13:58 - Epoch 55/100 - Train Loss: 0.0000 - Test Loss: 0.2562
02-Feb-25 15:13:58 - Epoch 56/100 - Train Loss: 0.0000 - Test Loss: 0.2562
02-Feb-25 15:13:58 - Epoch 57/100 - Train Loss: 0.0000 - Test Loss: 0.2562
02-Feb-25 15:13:58 - Epoch 58/100 - Train Loss: 0.0000 - Test Loss: 0.2563
02-Feb-25 15:13:58 - Epoch 59/100 - Train Loss: 0.0000 - Test Loss: 0.2565
02-Feb-25 15:13:59 - Epoch 60/100 - Train Loss: 0.0000 - Test Loss: 0.2566
02-Feb-25 15:13:59 - Epoch 61/100 - Train Loss: 0.0000 - Test Loss: 0.2567
02-Feb-25 15:13:59 - Epoch 62/100 - Train Loss: 0.0000 - Test Loss: 0.2569
02-Feb-25 15:13:59 - Epoch 63/100 - Train Loss: 0.0000 - Test Loss: 0.2570
02-Feb-25 15:14:00 - Epoch 64/100 - Train Loss: 0.0000 - Test Loss: 0.2571
02-Feb-25 15:14:00 - Epoch 65/100 - Train Loss: 0.0000 - Test Loss: 0.2573
02-Feb-25 15:14:00 - Epoch 66/100 - Train Loss: 0.0000 - Test Loss: 0.2574
02-Feb-25 15:14:00 - Epoch 67/100 - Train Loss: 0.0000 - Test Loss: 0.2575
02-Feb-25 15:14:00 - Epoch 68/100 - Train Loss: 0.0000 - Test Loss: 0.2576
02-Feb-25 15:14:01 - Epoch 69/100 - Train Loss: 0.0000 - Test Loss: 0.2577
02-Feb-25 15:14:01 - Epoch 70/100 - Train Loss: 0.0000 - Test Loss: 0.2579
02-Feb-25 15:14:01 - Epoch 71/100 - Train Loss: 0.0000 - Test Loss: 0.2579
02-Feb-25 15:14:01 - Epoch 72/100 - Train Loss: 0.0000 - Test Loss: 0.2580
02-Feb-25 15:14:01 - Epoch 73/100 - Train Loss: 0.0000 - Test Loss: 0.2581
02-Feb-25 15:14:02 - Epoch 74/100 - Train Loss: 0.0000 - Test Loss: 0.2582
02-Feb-25 15:14:02 - Epoch 75/100 - Train Loss: 0.0000 - Test Loss: 0.2583
02-Feb-25 15:14:02 - Epoch 76/100 - Train Loss: 0.0000 - Test Loss: 0.2584
02-Feb-25 15:14:02 - Epoch 77/100 - Train Loss: 0.0000 - Test Loss: 0.2584
02-Feb-25 15:14:02 - Epoch 78/100 - Train Loss: 0.0000 - Test Loss: 0.2585
02-Feb-25 15:14:03 - Epoch 79/100 - Train Loss: 0.0000 - Test Loss: 0.2585
02-Feb-25 15:14:03 - Epoch 80/100 - Train Loss: 0.0000 - Test Loss: 0.2586
02-Feb-25 15:14:03 - Epoch 81/100 - Train Loss: 0.0000 - Test Loss: 0.2586
02-Feb-25 15:14:03 - Epoch 82/100 - Train Loss: 0.0000 - Test Loss: 0.2587
02-Feb-25 15:14:04 - Epoch 83/100 - Train Loss: 0.0000 - Test Loss: 0.2587
02-Feb-25 15:14:04 - Epoch 84/100 - Train Loss: 0.0000 - Test Loss: 0.2587
02-Feb-25 15:14:04 - Epoch 85/100 - Train Loss: 0.0000 - Test Loss: 0.2588
02-Feb-25 15:14:04 - Epoch 86/100 - Train Loss: 0.0000 - Test Loss: 0.2588
02-Feb-25 15:14:04 - Epoch 87/100 - Train Loss: 0.0000 - Test Loss: 0.2588
02-Feb-25 15:14:05 - Epoch 88/100 - Train Loss: 0.0000 - Test Loss: 0.2589
02-Feb-25 15:14:05 - Epoch 89/100 - Train Loss: 0.0000 - Test Loss: 0.2589
02-Feb-25 15:14:05 - Epoch 90/100 - Train Loss: 0.0000 - Test Loss: 0.2589
02-Feb-25 15:14:05 - Epoch 91/100 - Train Loss: 0.0000 - Test Loss: 0.2589
02-Feb-25 15:14:05 - Epoch 92/100 - Train Loss: 0.0000 - Test Loss: 0.2589
02-Feb-25 15:14:06 - Epoch 93/100 - Train Loss: 0.0000 - Test Loss: 0.2589
02-Feb-25 15:14:06 - Epoch 94/100 - Train Loss: 0.0000 - Test Loss: 0.2590
02-Feb-25 15:14:06 - Epoch 95/100 - Train Loss: 0.0000 - Test Loss: 0.2590
02-Feb-25 15:14:06 - Epoch 96/100 - Train Loss: 0.0000 - Test Loss: 0.2590
02-Feb-25 15:14:07 - Epoch 97/100 - Train Loss: 0.0000 - Test Loss: 0.2590
02-Feb-25 15:14:07 - Epoch 98/100 - Train Loss: 0.0000 - Test Loss: 0.2590
02-Feb-25 15:14:07 - Epoch 99/100 - Train Loss: 0.0000 - Test Loss: 0.2590
02-Feb-25 15:14:07 - Epoch 100/100 - Train Loss: 0.0000 - Test Loss: 0.2590
02-Feb-25 15:14:07 - Training complete
02-Feb-25 15:14:07 - Saving embeddings
02-Feb-25 15:14:07 - Getting embeddings for class: children_playing
02-Feb-25 15:14:18 - Getting embeddings for class: air_conditioner
02-Feb-25 15:14:29 - Getting embeddings for class: jackhammer
02-Feb-25 15:14:40 - Getting embeddings for class: siren
02-Feb-25 15:14:50 - Getting embeddings for class: street_music
02-Feb-25 15:15:01 - Getting embeddings for class: dog_bark
02-Feb-25 15:15:12 - Getting embeddings for class: drilling
02-Feb-25 15:15:23 - Getting embeddings for class: car_horn
02-Feb-25 15:15:27 - Getting embeddings for class: gun_shot
02-Feb-25 15:15:31 - Getting embeddings for class: engine_idling
02-Feb-25 15:15:47 - Embeddings saved
02-Feb-25 15:15:47 - Saving model
02-Feb-25 15:15:47 - Done
02-Feb-25 15:15:47 - -----------------------------------


02-Feb-25 15:15:47 - Initalizing training for window: rectangular
02-Feb-25 15:15:47 - Using device: cuda
02-Feb-25 15:15:47 - Getting data loaders
02-Feb-25 15:15:47 - Data loaders ready
02-Feb-25 15:15:48 - Starting training
02-Feb-25 15:15:48 - Epoch 1/100 - Train Loss: 0.6523 - Test Loss: 0.6621
02-Feb-25 15:15:48 - Epoch 2/100 - Train Loss: 0.2429 - Test Loss: 0.3050
02-Feb-25 15:15:48 - Epoch 3/100 - Train Loss: 0.3450 - Test Loss: 0.9718
02-Feb-25 15:15:48 - Epoch 4/100 - Train Loss: 0.0971 - Test Loss: 0.9552
02-Feb-25 15:15:49 - Epoch 5/100 - Train Loss: 0.0485 - Test Loss: 0.9438
02-Feb-25 15:15:49 - Epoch 6/100 - Train Loss: 0.0316 - Test Loss: 0.9265
02-Feb-25 15:15:49 - Epoch 7/100 - Train Loss: 0.0090 - Test Loss: 0.9142
02-Feb-25 15:15:49 - Epoch 8/100 - Train Loss: 0.0078 - Test Loss: 0.8983
02-Feb-25 15:15:49 - Epoch 9/100 - Train Loss: 0.0053 - Test Loss: 0.8773
02-Feb-25 15:15:50 - Epoch 10/100 - Train Loss: 0.0035 - Test Loss: 0.8594
02-Feb-25 15:15:50 - Epoch 11/100 - Train Loss: 0.0023 - Test Loss: 0.8436
02-Feb-25 15:15:50 - Epoch 12/100 - Train Loss: 0.0017 - Test Loss: 0.8243
02-Feb-25 15:15:50 - Epoch 13/100 - Train Loss: 0.0014 - Test Loss: 0.7996
02-Feb-25 15:15:50 - Epoch 14/100 - Train Loss: 0.0012 - Test Loss: 0.7758
02-Feb-25 15:15:51 - Epoch 15/100 - Train Loss: 0.0010 - Test Loss: 0.7582
02-Feb-25 15:15:51 - Epoch 16/100 - Train Loss: 0.0008 - Test Loss: 0.7492
02-Feb-25 15:15:51 - Epoch 17/100 - Train Loss: 0.0006 - Test Loss: 0.7542
02-Feb-25 15:15:51 - Epoch 18/100 - Train Loss: 0.0005 - Test Loss: 0.7824
02-Feb-25 15:15:52 - Epoch 19/100 - Train Loss: 0.0004 - Test Loss: 0.6133
02-Feb-25 15:15:52 - Epoch 20/100 - Train Loss: 0.0003 - Test Loss: 0.4263
02-Feb-25 15:15:52 - Epoch 21/100 - Train Loss: 0.0002 - Test Loss: 0.3179
02-Feb-25 15:15:52 - Epoch 22/100 - Train Loss: 0.0002 - Test Loss: 0.2119
02-Feb-25 15:15:52 - Epoch 23/100 - Train Loss: 0.0001 - Test Loss: 0.1293
02-Feb-25 15:15:53 - Epoch 24/100 - Train Loss: 0.0001 - Test Loss: 0.0731
02-Feb-25 15:15:53 - Epoch 25/100 - Train Loss: 0.0001 - Test Loss: 0.0510
02-Feb-25 15:15:53 - Epoch 26/100 - Train Loss: 0.0001 - Test Loss: 0.0434
02-Feb-25 15:15:53 - Epoch 27/100 - Train Loss: 0.0001 - Test Loss: 0.0408
02-Feb-25 15:15:53 - Epoch 28/100 - Train Loss: 0.0001 - Test Loss: 0.0398
02-Feb-25 15:15:54 - Epoch 29/100 - Train Loss: 0.0000 - Test Loss: 0.0388
02-Feb-25 15:15:54 - Epoch 30/100 - Train Loss: 0.0000 - Test Loss: 0.0383
02-Feb-25 15:15:54 - Epoch 31/100 - Train Loss: 0.0000 - Test Loss: 0.0379
02-Feb-25 15:15:54 - Epoch 32/100 - Train Loss: 0.0000 - Test Loss: 0.0380
02-Feb-25 15:15:54 - Epoch 33/100 - Train Loss: 0.0000 - Test Loss: 0.0384
02-Feb-25 15:15:55 - Epoch 34/100 - Train Loss: 0.0000 - Test Loss: 0.0386
02-Feb-25 15:15:55 - Epoch 35/100 - Train Loss: 0.0000 - Test Loss: 0.0387
02-Feb-25 15:15:55 - Epoch 36/100 - Train Loss: 0.0000 - Test Loss: 0.0387
02-Feb-25 15:15:55 - Epoch 37/100 - Train Loss: 0.0000 - Test Loss: 0.0386
02-Feb-25 15:15:55 - Epoch 38/100 - Train Loss: 0.0000 - Test Loss: 0.0386
02-Feb-25 15:15:56 - Epoch 39/100 - Train Loss: 0.0000 - Test Loss: 0.0384
02-Feb-25 15:15:56 - Epoch 40/100 - Train Loss: 0.0000 - Test Loss: 0.0382
02-Feb-25 15:15:56 - Epoch 41/100 - Train Loss: 0.0000 - Test Loss: 0.0380
02-Feb-25 15:15:56 - Epoch 42/100 - Train Loss: 0.0000 - Test Loss: 0.0378
02-Feb-25 15:15:57 - Epoch 43/100 - Train Loss: 0.0000 - Test Loss: 0.0374
02-Feb-25 15:15:57 - Epoch 44/100 - Train Loss: 0.0000 - Test Loss: 0.0371
02-Feb-25 15:15:57 - Epoch 45/100 - Train Loss: 0.0000 - Test Loss: 0.0368
02-Feb-25 15:15:57 - Epoch 46/100 - Train Loss: 0.0000 - Test Loss: 0.0364
02-Feb-25 15:15:57 - Epoch 47/100 - Train Loss: 0.0000 - Test Loss: 0.0361
02-Feb-25 15:15:58 - Epoch 48/100 - Train Loss: 0.0000 - Test Loss: 0.0357
02-Feb-25 15:15:58 - Epoch 49/100 - Train Loss: 0.0000 - Test Loss: 0.0354
02-Feb-25 15:15:58 - Epoch 50/100 - Train Loss: 0.0000 - Test Loss: 0.0351
02-Feb-25 15:15:58 - Epoch 51/100 - Train Loss: 0.0000 - Test Loss: 0.0348
02-Feb-25 15:15:58 - Epoch 52/100 - Train Loss: 0.0000 - Test Loss: 0.0345
02-Feb-25 15:15:59 - Epoch 53/100 - Train Loss: 0.0000 - Test Loss: 0.0343
02-Feb-25 15:15:59 - Epoch 54/100 - Train Loss: 0.0000 - Test Loss: 0.0340
02-Feb-25 15:15:59 - Epoch 55/100 - Train Loss: 0.0000 - Test Loss: 0.0338
02-Feb-25 15:15:59 - Epoch 56/100 - Train Loss: 0.0000 - Test Loss: 0.0336
02-Feb-25 15:15:59 - Epoch 57/100 - Train Loss: 0.0000 - Test Loss: 0.0334
02-Feb-25 15:16:00 - Epoch 58/100 - Train Loss: 0.0000 - Test Loss: 0.0332
02-Feb-25 15:16:00 - Epoch 59/100 - Train Loss: 0.0000 - Test Loss: 0.0330
02-Feb-25 15:16:00 - Epoch 60/100 - Train Loss: 0.0000 - Test Loss: 0.0328
02-Feb-25 15:16:00 - Epoch 61/100 - Train Loss: 0.0000 - Test Loss: 0.0327
02-Feb-25 15:16:00 - Epoch 62/100 - Train Loss: 0.0000 - Test Loss: 0.0326
02-Feb-25 15:16:01 - Epoch 63/100 - Train Loss: 0.0000 - Test Loss: 0.0324
02-Feb-25 15:16:01 - Epoch 64/100 - Train Loss: 0.0000 - Test Loss: 0.0323
02-Feb-25 15:16:01 - Epoch 65/100 - Train Loss: 0.0000 - Test Loss: 0.0322
02-Feb-25 15:16:01 - Epoch 66/100 - Train Loss: 0.0000 - Test Loss: 0.0321
02-Feb-25 15:16:02 - Epoch 67/100 - Train Loss: 0.0000 - Test Loss: 0.0320
02-Feb-25 15:16:02 - Epoch 68/100 - Train Loss: 0.0000 - Test Loss: 0.0320
02-Feb-25 15:16:02 - Epoch 69/100 - Train Loss: 0.0000 - Test Loss: 0.0319
02-Feb-25 15:16:02 - Epoch 70/100 - Train Loss: 0.0000 - Test Loss: 0.0318
02-Feb-25 15:16:02 - Epoch 71/100 - Train Loss: 0.0000 - Test Loss: 0.0318
02-Feb-25 15:16:03 - Epoch 72/100 - Train Loss: 0.0000 - Test Loss: 0.0317
02-Feb-25 15:16:03 - Epoch 73/100 - Train Loss: 0.0000 - Test Loss: 0.0316
02-Feb-25 15:16:03 - Epoch 74/100 - Train Loss: 0.0000 - Test Loss: 0.0316
02-Feb-25 15:16:03 - Epoch 75/100 - Train Loss: 0.0000 - Test Loss: 0.0316
02-Feb-25 15:16:03 - Epoch 76/100 - Train Loss: 0.0000 - Test Loss: 0.0315
02-Feb-25 15:16:04 - Epoch 77/100 - Train Loss: 0.0000 - Test Loss: 0.0315
02-Feb-25 15:16:04 - Epoch 78/100 - Train Loss: 0.0000 - Test Loss: 0.0315
02-Feb-25 15:16:04 - Epoch 79/100 - Train Loss: 0.0000 - Test Loss: 0.0314
02-Feb-25 15:16:04 - Epoch 80/100 - Train Loss: 0.0000 - Test Loss: 0.0314
02-Feb-25 15:16:04 - Epoch 81/100 - Train Loss: 0.0000 - Test Loss: 0.0314
02-Feb-25 15:16:05 - Epoch 82/100 - Train Loss: 0.0000 - Test Loss: 0.0314
02-Feb-25 15:16:05 - Epoch 83/100 - Train Loss: 0.0000 - Test Loss: 0.0313
02-Feb-25 15:16:05 - Epoch 84/100 - Train Loss: 0.0000 - Test Loss: 0.0313
02-Feb-25 15:16:05 - Epoch 85/100 - Train Loss: 0.0000 - Test Loss: 0.0313
02-Feb-25 15:16:05 - Epoch 86/100 - Train Loss: 0.0000 - Test Loss: 0.0313
02-Feb-25 15:16:06 - Epoch 87/100 - Train Loss: 0.0000 - Test Loss: 0.0313
02-Feb-25 15:16:06 - Epoch 88/100 - Train Loss: 0.0000 - Test Loss: 0.0313
02-Feb-25 15:16:06 - Epoch 89/100 - Train Loss: 0.0000 - Test Loss: 0.0312
02-Feb-25 15:16:06 - Epoch 90/100 - Train Loss: 0.0000 - Test Loss: 0.0312
02-Feb-25 15:16:07 - Epoch 91/100 - Train Loss: 0.0000 - Test Loss: 0.0312
02-Feb-25 15:16:07 - Epoch 92/100 - Train Loss: 0.0000 - Test Loss: 0.0312
02-Feb-25 15:16:07 - Epoch 93/100 - Train Loss: 0.0000 - Test Loss: 0.0312
02-Feb-25 15:16:07 - Epoch 94/100 - Train Loss: 0.0000 - Test Loss: 0.0312
02-Feb-25 15:16:07 - Epoch 95/100 - Train Loss: 0.0000 - Test Loss: 0.0312
02-Feb-25 15:16:08 - Epoch 96/100 - Train Loss: 0.0000 - Test Loss: 0.0312
02-Feb-25 15:16:08 - Epoch 97/100 - Train Loss: 0.0000 - Test Loss: 0.0312
02-Feb-25 15:16:08 - Epoch 98/100 - Train Loss: 0.0000 - Test Loss: 0.0312
02-Feb-25 15:16:08 - Epoch 99/100 - Train Loss: 0.0000 - Test Loss: 0.0312
02-Feb-25 15:16:08 - Epoch 100/100 - Train Loss: 0.0000 - Test Loss: 0.0312
02-Feb-25 15:16:08 - Training complete
02-Feb-25 15:16:08 - Saving embeddings
02-Feb-25 15:16:08 - Getting embeddings for class: children_playing
02-Feb-25 15:16:19 - Getting embeddings for class: air_conditioner
02-Feb-25 15:16:30 - Getting embeddings for class: jackhammer
02-Feb-25 15:16:41 - Getting embeddings for class: siren
02-Feb-25 15:16:51 - Getting embeddings for class: street_music
02-Feb-25 15:17:02 - Getting embeddings for class: dog_bark
02-Feb-25 15:17:12 - Getting embeddings for class: drilling
02-Feb-25 15:17:23 - Getting embeddings for class: car_horn
02-Feb-25 15:17:27 - Getting embeddings for class: gun_shot
02-Feb-25 15:17:31 - Getting embeddings for class: engine_idling
02-Feb-25 15:17:47 - Embeddings saved
02-Feb-25 15:17:47 - Saving model
02-Feb-25 15:17:47 - Done
02-Feb-25 15:17:47 - -----------------------------------


