01-Feb-25 03:54:39 - Training CNN on spectrograms for window: rectangular
01-Feb-25 03:54:40 - Using device: cuda
01-Feb-25 03:54:40 - Loading data from train_data/spectrograms/rectangular
01-Feb-25 03:54:40 - Data loaded successfully
01-Feb-25 03:54:40 - Starting training
01-Feb-25 03:56:39 - Epoch 1/15, Train Loss: 1.3997715104709971, Test Loss: 8.610653604779925
01-Feb-25 03:56:39 - Train Accuracy: 0.5053510275754062, Test Accuracy: 0.13858110989843095

01-Feb-25 03:58:40 - Epoch 2/15, Train Loss: 0.8503760522062128, Test Loss: 3.4362590483256747
01-Feb-25 03:58:40 - Train Accuracy: 0.7179580482569607, Test Accuracy: 0.25037650551114765

01-Feb-25 04:00:38 - Epoch 3/15, Train Loss: 0.6141325061971491, Test Loss: 2.8679181337356567
01-Feb-25 04:00:38 - Train Accuracy: 0.7974003737623041, Test Accuracy: 0.39519013464450836

01-Feb-25 04:02:40 - Epoch 4/15, Train Loss: 0.47135411446744746, Test Loss: 1.5578229171889169
01-Feb-25 04:02:40 - Train Accuracy: 0.849852116541429, Test Accuracy: 0.5090563126972744

01-Feb-25 04:04:34 - Epoch 5/15, Train Loss: 0.34559021429582076, Test Loss: 0.9070748346192496
01-Feb-25 04:04:34 - Train Accuracy: 0.8839799967679111, Test Accuracy: 0.7183936621461596

01-Feb-25 04:06:31 - Epoch 6/15, Train Loss: 0.28886541778391056, Test Loss: 0.891392435346331
01-Feb-25 04:06:31 - Train Accuracy: 0.9059269926764748, Test Accuracy: 0.71574467420578

01-Feb-25 04:08:29 - Epoch 7/15, Train Loss: 0.21760494681921871, Test Loss: 1.2633102238178253
01-Feb-25 04:08:29 - Train Accuracy: 0.9282300743189725, Test Accuracy: 0.669589068208422

01-Feb-25 04:10:25 - Epoch 8/15, Train Loss: 0.1755139000713825, Test Loss: 0.6391769690173013
01-Feb-25 04:10:25 - Train Accuracy: 0.9415453769943931, Test Accuracy: 0.7990802483899253

01-Feb-25 04:12:19 - Epoch 9/15, Train Loss: 0.1350364972921935, Test Loss: 0.49460904938834055
01-Feb-25 04:12:19 - Train Accuracy: 0.9568181818181818, Test Accuracy: 0.8487454269613538

01-Feb-25 04:14:15 - Epoch 10/15, Train Loss: 0.11588014154271646, Test Loss: 0.40728165422167095
01-Feb-25 04:14:15 - Train Accuracy: 0.9607935081828725, Test Accuracy: 0.8723711797169277

01-Feb-25 04:16:11 - Epoch 11/15, Train Loss: 0.08869628594680266, Test Loss: 0.49784924515656065
01-Feb-25 04:16:11 - Train Accuracy: 0.9701685081828725, Test Accuracy: 0.862998868737902

01-Feb-25 04:18:09 - Epoch 12/15, Train Loss: 0.08293372067538175, Test Loss: 0.9447388691561562
01-Feb-25 04:18:09 - Train Accuracy: 0.9715189131823453, Test Accuracy: 0.7380661027772086

01-Feb-25 04:20:06 - Epoch 13/15, Train Loss: 0.05810514603826133, Test Loss: 1.445941116128649
01-Feb-25 04:20:06 - Train Accuracy: 0.9799696445465088, Test Accuracy: 0.6944922549383981

01-Feb-25 04:22:02 - Epoch 14/15, Train Loss: 0.1151555861261758, Test Loss: 1.686339088848659
01-Feb-25 04:22:02 - Train Accuracy: 0.9597291404550726, Test Accuracy: 0.6728902203696114

01-Feb-25 04:23:56 - Epoch 15/15, Train Loss: 0.06790183264423501, Test Loss: 0.23312124290636607
01-Feb-25 04:23:56 - Train Accuracy: 0.9780530040914363, Test Accuracy: 0.9304539561271667

01-Feb-25 04:23:56 - Training finished
01-Feb-25 04:23:56 - Saving model
01-Feb-25 04:23:56 - Model saved
