01-Feb-25 04:39:25 - Training neural network on embeddings for window: hamming
01-Feb-25 04:39:25 - Loading data from train_data/embeddings/hamming_embeddings.csv
01-Feb-25 04:39:26 - Data loaded successfully
01-Feb-25 04:39:26 - Training neural network
01-Feb-25 04:39:28 - Epoch 1, Train Loss: 2.1170520930936485, Test Loss: 2.117074583912944
01-Feb-25 04:39:28 - Train Acc: 19.307626898472126, Test Acc: 19.307626898472126

01-Feb-25 04:39:30 - Epoch 2, Train Loss: 2.105717332371862, Test Loss: 2.105748172208066
01-Feb-25 04:39:30 - Train Acc: 22.990253796944252, Test Acc: 22.97553636897833

01-Feb-25 04:39:31 - Epoch 3, Train Loss: 2.0493279001215003, Test Loss: 2.049318145482968
01-Feb-25 04:39:31 - Train Acc: 23.51026949865041, Test Acc: 23.500457875457876

01-Feb-25 04:39:33 - Epoch 4, Train Loss: 2.0518195567986903, Test Loss: 2.0517356793085733
01-Feb-25 04:39:33 - Train Acc: 24.687663528508757, Test Acc: 24.684392991083445

01-Feb-25 04:39:34 - Epoch 5, Train Loss: 2.030462404310485, Test Loss: 2.0303878011284295
01-Feb-25 04:39:34 - Train Acc: 26.514259559330924, Test Acc: 26.499542124542124

01-Feb-25 04:39:36 - Epoch 6, Train Loss: 2.033721072769864, Test Loss: 2.033712386211633
01-Feb-25 04:39:36 - Train Acc: 25.88468080475217, Test Acc: 25.86996336996337

01-Feb-25 04:39:38 - Epoch 7, Train Loss: 2.04159186567579, Test Loss: 2.0415453028766226
01-Feb-25 04:39:38 - Train Acc: 28.098835689680918, Test Acc: 28.09065934065934

01-Feb-25 04:39:39 - Epoch 8, Train Loss: 2.019462532176203, Test Loss: 2.019424412713383
01-Feb-25 04:39:39 - Train Acc: 26.012231818922274, Test Acc: 25.99587912087912

01-Feb-25 04:39:41 - Epoch 9, Train Loss: 2.005421742414817, Test Loss: 2.0054742311820006
01-Feb-25 04:39:41 - Train Acc: 28.17569335738381, Test Acc: 28.15934065934066

01-Feb-25 04:39:42 - Epoch 10, Train Loss: 2.0209183797731503, Test Loss: 2.0209841274079823
01-Feb-25 04:39:42 - Train Acc: 28.64010989010989, Test Acc: 28.628663003663004

01-Feb-25 04:39:44 - Epoch 11, Train Loss: 1.9899105121801188, Test Loss: 1.9899721442561447
01-Feb-25 04:39:44 - Train Acc: 30.23449765456902, Test Acc: 30.21978021978022

01-Feb-25 04:39:45 - Epoch 12, Train Loss: 2.0051335589789647, Test Loss: 2.005279894276853
01-Feb-25 04:39:45 - Train Acc: 30.746336996336996, Test Acc: 30.73489010989011

01-Feb-25 04:39:47 - Epoch 13, Train Loss: 1.9810547929107052, Test Loss: 1.98112134881072
01-Feb-25 04:39:47 - Train Acc: 30.757783882783883, Test Acc: 30.746336996336996

01-Feb-25 04:39:49 - Epoch 14, Train Loss: 2.003369228743808, Test Loss: 2.003394053969191
01-Feb-25 04:39:49 - Train Acc: 28.936093674474584, Test Acc: 28.92628205128205

01-Feb-25 04:39:50 - Epoch 15, Train Loss: 2.0137821370428735, Test Loss: 2.0139267999173955
01-Feb-25 04:39:50 - Train Acc: 28.792189962261325, Test Acc: 28.77747252747253

01-Feb-25 04:39:52 - Epoch 16, Train Loss: 1.9929335580203995, Test Loss: 1.9929387477728038
01-Feb-25 04:39:52 - Train Acc: 29.891091061162424, Test Acc: 29.876373626373628

01-Feb-25 04:39:53 - Epoch 17, Train Loss: 1.9718555827717206, Test Loss: 1.9719101404532409
01-Feb-25 04:39:53 - Train Acc: 31.631017801089165, Test Acc: 31.62120617789663

01-Feb-25 04:39:55 - Epoch 18, Train Loss: 1.9584095045760437, Test Loss: 1.9584314709617978
01-Feb-25 04:39:55 - Train Acc: 33.13055992563129, Test Acc: 33.11911303099695

01-Feb-25 04:39:57 - Epoch 19, Train Loss: 1.9580878621929294, Test Loss: 1.958154287967053
01-Feb-25 04:39:57 - Train Acc: 32.12323391830528, Test Acc: 32.11178702367094

01-Feb-25 04:39:58 - Epoch 20, Train Loss: 1.9864624227796281, Test Loss: 1.9863671937704959
01-Feb-25 04:39:58 - Train Acc: 30.87879382756167, Test Acc: 30.872252747252748

01-Feb-25 04:40:00 - Epoch 21, Train Loss: 1.9698610925849105, Test Loss: 1.969871462483109
01-Feb-25 04:40:00 - Train Acc: 30.34569597069597, Test Acc: 30.334249084249084

01-Feb-25 04:40:01 - Epoch 22, Train Loss: 1.9416536656054821, Test Loss: 1.9417216092238934
01-Feb-25 04:40:01 - Train Acc: 33.05860805860806, Test Acc: 33.035714285714285

01-Feb-25 04:40:03 - Epoch 23, Train Loss: 2.008483566643991, Test Loss: 2.008609671295781
01-Feb-25 04:40:03 - Train Acc: 29.55749608003176, Test Acc: 29.54768445956838

01-Feb-25 04:40:05 - Epoch 24, Train Loss: 1.9592686402492034, Test Loss: 1.9592052532203033
01-Feb-25 04:40:05 - Train Acc: 31.644099950790405, Test Acc: 31.634288333056173

01-Feb-25 04:40:07 - Epoch 25, Train Loss: 2.0128606474879898, Test Loss: 2.012897019857889
01-Feb-25 04:40:07 - Train Acc: 29.469191525881982, Test Acc: 29.45283882783883

01-Feb-25 04:40:09 - Epoch 26, Train Loss: 1.9327492936626895, Test Loss: 1.9327355112348283
01-Feb-25 04:40:09 - Train Acc: 32.52551020720066, Test Acc: 32.51406332075378

01-Feb-25 04:40:11 - Epoch 27, Train Loss: 1.9304515647364187, Test Loss: 1.9303992200683762
01-Feb-25 04:40:11 - Train Acc: 33.40364992618561, Test Acc: 33.39710884587669

01-Feb-25 04:40:12 - Epoch 28, Train Loss: 1.943728201991909, Test Loss: 1.9437545716980875
01-Feb-25 04:40:12 - Train Acc: 33.711080586080584, Test Acc: 33.70290423978816

01-Feb-25 04:40:14 - Epoch 29, Train Loss: 1.9652128726134808, Test Loss: 1.965227057645609
01-Feb-25 04:40:14 - Train Acc: 31.353021978021978, Test Acc: 31.34484563172955

01-Feb-25 04:40:16 - Epoch 30, Train Loss: 1.9444101891674839, Test Loss: 1.9443742263884771
01-Feb-25 04:40:16 - Train Acc: 32.38651230658367, Test Acc: 32.37179487179487

01-Feb-25 04:40:18 - Epoch 31, Train Loss: 1.9574695716410766, Test Loss: 1.9574955697461363
01-Feb-25 04:40:18 - Train Acc: 30.56809262478308, Test Acc: 30.559916275761502

01-Feb-25 04:40:20 - Epoch 32, Train Loss: 1.9351400097647866, Test Loss: 1.935173090560969
01-Feb-25 04:40:20 - Train Acc: 33.722527472527474, Test Acc: 33.70453951122997

01-Feb-25 04:40:22 - Epoch 33, Train Loss: 1.958540372796111, Test Loss: 1.9585020288879618
01-Feb-25 04:40:22 - Train Acc: 30.92948717948718, Test Acc: 30.921310833194752

01-Feb-25 04:40:24 - Epoch 34, Train Loss: 1.9377975634166174, Test Loss: 1.9377632966408362
01-Feb-25 04:40:24 - Train Acc: 32.407770805306484, Test Acc: 32.3979591848431

01-Feb-25 04:40:26 - Epoch 35, Train Loss: 1.9321009056035416, Test Loss: 1.9320946381642268
01-Feb-25 04:40:26 - Train Acc: 34.896650975877115, Test Acc: 34.88356881525927

01-Feb-25 04:40:28 - Epoch 36, Train Loss: 1.9275628280290318, Test Loss: 1.9274947123649793
01-Feb-25 04:40:28 - Train Acc: 35.315279962815644, Test Acc: 35.308738882506724

01-Feb-25 04:40:30 - Epoch 37, Train Loss: 1.9297586098695412, Test Loss: 1.9297334165363522
01-Feb-25 04:40:30 - Train Acc: 35.30873888796503, Test Acc: 35.3021978021978

01-Feb-25 04:40:32 - Epoch 38, Train Loss: 1.912354025648627, Test Loss: 1.9124161777915536
01-Feb-25 04:40:32 - Train Acc: 34.19021455359546, Test Acc: 34.172226584110504

01-Feb-25 04:40:34 - Epoch 39, Train Loss: 1.919420070700593, Test Loss: 1.919471949011415
01-Feb-25 04:40:34 - Train Acc: 33.90077185499799, Test Acc: 33.88768969438015

01-Feb-25 04:40:36 - Epoch 40, Train Loss: 1.9703661596382058, Test Loss: 1.970414943310804
01-Feb-25 04:40:36 - Train Acc: 31.920460499686637, Test Acc: 31.90574306762699

01-Feb-25 04:40:38 - Epoch 41, Train Loss: 1.9414034003303164, Test Loss: 1.9413018855419788
01-Feb-25 04:40:38 - Train Acc: 32.52223966977535, Test Acc: 32.51079277923474

01-Feb-25 04:40:39 - Epoch 42, Train Loss: 1.9101180929840702, Test Loss: 1.910180824143546
01-Feb-25 04:40:39 - Train Acc: 33.72743328412374, Test Acc: 33.714351126235044

01-Feb-25 04:40:41 - Epoch 43, Train Loss: 1.908994387794327, Test Loss: 1.9089539653652317
01-Feb-25 04:40:41 - Train Acc: 35.64723966977535, Test Acc: 35.643969132350044

01-Feb-25 04:40:43 - Epoch 44, Train Loss: 1.9378731159063487, Test Loss: 1.937805712004721
01-Feb-25 04:40:43 - Train Acc: 33.709445322826234, Test Acc: 33.69472789349573

01-Feb-25 04:40:45 - Epoch 45, Train Loss: 1.919011916433062, Test Loss: 1.9189543256829509
01-Feb-25 04:40:45 - Train Acc: 32.9147043463948, Test Acc: 32.903257459947916

01-Feb-25 04:40:47 - Epoch 46, Train Loss: 1.9017337591220171, Test Loss: 1.9017087382711333
01-Feb-25 04:40:47 - Train Acc: 36.074045005735464, Test Acc: 36.06750393088484

01-Feb-25 04:40:49 - Epoch 47, Train Loss: 1.917281069598355, Test Loss: 1.9172001448306408
01-Feb-25 04:40:49 - Train Acc: 34.711865518555975, Test Acc: 34.70205390082174

01-Feb-25 04:40:51 - Epoch 48, Train Loss: 1.9084410156522478, Test Loss: 1.90842543504177
01-Feb-25 04:40:51 - Train Acc: 36.216313454694365, Test Acc: 36.203231294076524

01-Feb-25 04:40:53 - Epoch 49, Train Loss: 1.9673326556935853, Test Loss: 1.9673784455973586
01-Feb-25 04:40:53 - Train Acc: 32.32927787434924, Test Acc: 32.319466251156705

01-Feb-25 04:40:55 - Epoch 50, Train Loss: 1.905828595161438, Test Loss: 1.905897190719297
01-Feb-25 04:40:55 - Train Acc: 35.356161707923526, Test Acc: 35.34635008473099

01-Feb-25 04:40:57 - Epoch 51, Train Loss: 1.9070664504508832, Test Loss: 1.907093109228672
01-Feb-25 04:40:57 - Train Acc: 37.66025641025641, Test Acc: 37.6422684489589

01-Feb-25 04:40:59 - Epoch 52, Train Loss: 1.9069721694394346, Test Loss: 1.906948405744392
01-Feb-25 04:40:59 - Train Acc: 36.03643380896949, Test Acc: 36.02662218850611

01-Feb-25 04:41:00 - Epoch 53, Train Loss: 1.9012369581194588, Test Loss: 1.9011759168499118
01-Feb-25 04:41:00 - Train Acc: 34.07901622655191, Test Acc: 34.07738095238095

01-Feb-25 04:41:02 - Epoch 54, Train Loss: 1.9147461779388315, Test Loss: 1.9147077349079398
01-Feb-25 04:41:02 - Train Acc: 36.35694662948231, Test Acc: 36.3454997389417

01-Feb-25 04:41:04 - Epoch 55, Train Loss: 1.8942572454829791, Test Loss: 1.894271854952578
01-Feb-25 04:41:04 - Train Acc: 37.69950288119333, Test Acc: 37.70113815536429

01-Feb-25 04:41:06 - Epoch 56, Train Loss: 1.888449727833926, Test Loss: 1.8884141253027724
01-Feb-25 04:41:06 - Train Acc: 36.98652538406107, Test Acc: 36.98325484663575

01-Feb-25 04:41:08 - Epoch 57, Train Loss: 1.8944372143937556, Test Loss: 1.8944416495906564
01-Feb-25 04:41:08 - Train Acc: 35.959576141266595, Test Acc: 35.95303506641598

01-Feb-25 04:41:10 - Epoch 58, Train Loss: 1.8987750452516716, Test Loss: 1.8987247336915125
01-Feb-25 04:41:10 - Train Acc: 35.21716379093163, Test Acc: 35.215528522218975

01-Feb-25 04:41:12 - Epoch 59, Train Loss: 1.887839905071608, Test Loss: 1.8878390513933623
01-Feb-25 04:41:12 - Train Acc: 35.34471482147664, Test Acc: 35.33326792411315

01-Feb-25 04:41:13 - Epoch 60, Train Loss: 1.9062120604427744, Test Loss: 1.9062363097082564
01-Feb-25 04:41:13 - Train Acc: 36.54500262422876, Test Acc: 36.53519100103623

01-Feb-25 04:41:15 - Epoch 61, Train Loss: 1.9247884763466132, Test Loss: 1.924820520065643
01-Feb-25 04:41:15 - Train Acc: 33.98580586080586, Test Acc: 33.9809000546679

01-Feb-25 04:41:17 - Epoch 62, Train Loss: 1.9322623782978827, Test Loss: 1.932323171542241
01-Feb-25 04:41:17 - Train Acc: 33.44453167129349, Test Acc: 33.431449505217344

01-Feb-25 04:41:18 - Epoch 63, Train Loss: 1.8836756407559574, Test Loss: 1.883598953812987
01-Feb-25 04:41:18 - Train Acc: 38.53185505439074, Test Acc: 38.53185505439074

01-Feb-25 04:41:20 - Epoch 64, Train Loss: 1.919233073245038, Test Loss: 1.9192048926929852
01-Feb-25 04:41:20 - Train Acc: 33.5426478377192, Test Acc: 33.536106751951976

01-Feb-25 04:41:22 - Epoch 65, Train Loss: 1.8953345345926809, Test Loss: 1.8952612309228807
01-Feb-25 04:41:22 - Train Acc: 35.17791732545301, Test Acc: 35.17955259962396

01-Feb-25 04:41:23 - Epoch 66, Train Loss: 1.8975952173764015, Test Loss: 1.8975758535084708
01-Feb-25 04:41:23 - Train Acc: 35.24659864413432, Test Acc: 35.243328106709015

01-Feb-25 04:41:25 - Epoch 67, Train Loss: 1.8824161775819548, Test Loss: 1.88246273907113
01-Feb-25 04:41:25 - Train Acc: 37.16967556721125, Test Acc: 37.16804029304029

01-Feb-25 04:41:27 - Epoch 68, Train Loss: 1.8841688493232587, Test Loss: 1.88408318063715
01-Feb-25 04:41:27 - Train Acc: 36.37820512820513, Test Acc: 36.37820512820513

01-Feb-25 04:41:28 - Epoch 69, Train Loss: 1.9113648317672394, Test Loss: 1.9112827607563563
01-Feb-25 04:41:28 - Train Acc: 34.79199372368418, Test Acc: 34.79362899239683

01-Feb-25 04:41:30 - Epoch 70, Train Loss: 1.9066897883956686, Test Loss: 1.906652489424625
01-Feb-25 04:41:30 - Train Acc: 36.648024602250736, Test Acc: 36.646389328079785

01-Feb-25 04:41:32 - Epoch 71, Train Loss: 1.8974256733834962, Test Loss: 1.8973976718637096
01-Feb-25 04:41:32 - Train Acc: 36.602237056463196, Test Acc: 36.59079016455801

01-Feb-25 04:41:33 - Epoch 72, Train Loss: 1.8880438394162244, Test Loss: 1.8880275343800639
01-Feb-25 04:41:33 - Train Acc: 36.734693882229564, Test Acc: 36.72815280192064

01-Feb-25 04:41:35 - Epoch 73, Train Loss: 1.9111436561787085, Test Loss: 1.9111920708701724
01-Feb-25 04:41:35 - Train Acc: 37.65371533540579, Test Acc: 37.643903717671556

01-Feb-25 04:41:37 - Epoch 74, Train Loss: 1.8833696497228993, Test Loss: 1.8833896271038404
01-Feb-25 04:41:37 - Train Acc: 37.1713108413822, Test Acc: 37.16804029304029

01-Feb-25 04:41:38 - Epoch 75, Train Loss: 1.9012261214273753, Test Loss: 1.9012001473388391
01-Feb-25 04:41:38 - Train Acc: 35.9775641025641, Test Acc: 35.96448195286286

01-Feb-25 04:41:40 - Epoch 76, Train Loss: 1.8817785794918354, Test Loss: 1.8816951714155874
01-Feb-25 04:41:40 - Train Acc: 37.491823661895026, Test Acc: 37.491823661895026

01-Feb-25 04:41:42 - Epoch 77, Train Loss: 1.8876411788192862, Test Loss: 1.8876330228078932
01-Feb-25 04:41:42 - Train Acc: 37.177851916232825, Test Acc: 37.16804029304029

01-Feb-25 04:41:43 - Epoch 78, Train Loss: 1.872279213898348, Test Loss: 1.8722154041786334
01-Feb-25 04:41:43 - Train Acc: 36.95545526214572, Test Acc: 36.948914187295095

01-Feb-25 04:41:45 - Epoch 79, Train Loss: 1.9069470979355194, Test Loss: 1.9069334255470025
01-Feb-25 04:41:45 - Train Acc: 36.489403466165285, Test Acc: 36.48286238039806

01-Feb-25 04:41:47 - Epoch 80, Train Loss: 1.9156675469744338, Test Loss: 1.915621151417603
01-Feb-25 04:41:47 - Train Acc: 35.22861067737852, Test Acc: 35.23024594609117

01-Feb-25 04:41:48 - Epoch 81, Train Loss: 1.8781251544917459, Test Loss: 1.878125257107801
01-Feb-25 04:41:48 - Train Acc: 38.31599948607085, Test Acc: 38.31436421189989

01-Feb-25 04:41:50 - Epoch 82, Train Loss: 1.8711153779711043, Test Loss: 1.8711407420399424
01-Feb-25 04:41:50 - Train Acc: 38.078885408111546, Test Acc: 38.07234432234432

01-Feb-25 04:41:52 - Epoch 83, Train Loss: 1.884716666225112, Test Loss: 1.884656521426889
01-Feb-25 04:41:52 - Train Acc: 37.655350604118446, Test Acc: 37.655350604118446

01-Feb-25 04:41:53 - Epoch 84, Train Loss: 1.8692487399656694, Test Loss: 1.8692798579568828
01-Feb-25 04:41:53 - Train Acc: 38.41575091575091, Test Acc: 38.40593930347499

01-Feb-25 04:41:55 - Epoch 85, Train Loss: 1.8688481203365674, Test Loss: 1.8689003929550394
01-Feb-25 04:41:55 - Train Acc: 38.71827577496623, Test Acc: 38.71827577496623

01-Feb-25 04:41:57 - Epoch 86, Train Loss: 1.868301713859642, Test Loss: 1.868245590300787
01-Feb-25 04:41:57 - Train Acc: 38.71500523754092, Test Acc: 38.71500523754092

01-Feb-25 04:41:58 - Epoch 87, Train Loss: 1.8714105620052353, Test Loss: 1.8713928356275453
01-Feb-25 04:41:58 - Train Acc: 41.82528781366872, Test Acc: 41.82692307692308

01-Feb-25 04:42:00 - Epoch 88, Train Loss: 1.8593455845619733, Test Loss: 1.859276464570573
01-Feb-25 04:42:00 - Train Acc: 41.41810571317708, Test Acc: 41.42791733636961

01-Feb-25 04:42:02 - Epoch 89, Train Loss: 1.87451828006423, Test Loss: 1.8745402193768121
01-Feb-25 04:42:02 - Train Acc: 38.50569074407165, Test Acc: 38.50732600732601

01-Feb-25 04:42:03 - Epoch 90, Train Loss: 1.893158807422652, Test Loss: 1.8931627500624884
01-Feb-25 04:42:03 - Train Acc: 40.129513356275176, Test Acc: 40.13278388278388

01-Feb-25 04:42:05 - Epoch 91, Train Loss: 1.871215399805006, Test Loss: 1.8712073154065199
01-Feb-25 04:42:05 - Train Acc: 41.71899529822144, Test Acc: 41.72880691049736

01-Feb-25 04:42:07 - Epoch 92, Train Loss: 1.8778940727422526, Test Loss: 1.8778763197280548
01-Feb-25 04:42:07 - Train Acc: 41.923403980094434, Test Acc: 41.9283097916907

01-Feb-25 04:42:08 - Epoch 93, Train Loss: 1.854693510156848, Test Loss: 1.854700377135923
01-Feb-25 04:42:08 - Train Acc: 42.83915489584535, Test Acc: 42.84733125578353

01-Feb-25 04:42:10 - Epoch 94, Train Loss: 1.8664350754175432, Test Loss: 1.8663397830921216
01-Feb-25 04:42:10 - Train Acc: 41.71899529822144, Test Acc: 41.72717164724301

01-Feb-25 04:42:12 - Epoch 95, Train Loss: 1.8924702969226208, Test Loss: 1.8924377737464486
01-Feb-25 04:42:12 - Train Acc: 37.897370499132315, Test Acc: 37.894099950790405

01-Feb-25 04:42:13 - Epoch 96, Train Loss: 1.8611770571369828, Test Loss: 1.8611965493841485
01-Feb-25 04:42:13 - Train Acc: 41.87761643430689, Test Acc: 41.88579279424507

01-Feb-25 04:42:15 - Epoch 97, Train Loss: 1.8624959598967443, Test Loss: 1.8624270481941028
01-Feb-25 04:42:15 - Train Acc: 41.50313972990155, Test Acc: 41.504774993155905

01-Feb-25 04:42:17 - Epoch 98, Train Loss: 1.872925647449144, Test Loss: 1.8729061303121266
01-Feb-25 04:42:17 - Train Acc: 41.56855050024095, Test Acc: 41.57345631183722

01-Feb-25 04:42:18 - Epoch 99, Train Loss: 1.8583923936326863, Test Loss: 1.858380417684059
01-Feb-25 04:42:18 - Train Acc: 43.17602041440132, Test Acc: 43.19237311244448

01-Feb-25 04:42:20 - Epoch 100, Train Loss: 1.859490739556896, Test Loss: 1.8594473045824211
01-Feb-25 04:42:20 - Train Acc: 42.781920463610916, Test Acc: 42.7900968235491

01-Feb-25 04:42:22 - Epoch 101, Train Loss: 1.8702783623894492, Test Loss: 1.8703299651652465
01-Feb-25 04:42:22 - Train Acc: 41.21369702038748, Test Acc: 41.21369702038748

01-Feb-25 04:42:23 - Epoch 102, Train Loss: 1.877378734040173, Test Loss: 1.8772494312607761
01-Feb-25 04:42:23 - Train Acc: 40.84085557923649, Test Acc: 40.865384637217815

01-Feb-25 04:42:25 - Epoch 103, Train Loss: 1.884804754030137, Test Loss: 1.884762121207548
01-Feb-25 04:42:25 - Train Acc: 41.40175301513393, Test Acc: 41.408294089984544

01-Feb-25 04:42:27 - Epoch 104, Train Loss: 1.8491277476370116, Test Loss: 1.8491275677314172
01-Feb-25 04:42:27 - Train Acc: 44.01164312502404, Test Acc: 44.01327838827839

01-Feb-25 04:42:28 - Epoch 105, Train Loss: 1.8753516123845027, Test Loss: 1.8753586762990706
01-Feb-25 04:42:28 - Train Acc: 42.523547886928796, Test Acc: 42.52518315018315

01-Feb-25 04:42:30 - Epoch 106, Train Loss: 1.8754829574417282, Test Loss: 1.8754204210344252
01-Feb-25 04:42:30 - Train Acc: 43.04683412606026, Test Acc: 43.055010475081836

01-Feb-25 04:42:32 - Epoch 107, Train Loss: 1.863983603187533, Test Loss: 1.8640003706509376
01-Feb-25 04:42:32 - Train Acc: 45.32476452899066, Test Acc: 45.332940878012245

01-Feb-25 04:42:33 - Epoch 108, Train Loss: 1.855166495938004, Test Loss: 1.8551191288036304
01-Feb-25 04:42:33 - Train Acc: 44.175170083622355, Test Acc: 44.17680534687671

01-Feb-25 04:42:35 - Epoch 109, Train Loss: 1.887159526129782, Test Loss: 1.8870955758042387
01-Feb-25 04:42:35 - Train Acc: 43.99365516372653, Test Acc: 44.00510205017341

01-Feb-25 04:42:37 - Epoch 110, Train Loss: 1.9113572521524116, Test Loss: 1.9113271970015306
01-Feb-25 04:42:37 - Train Acc: 41.947933027159166, Test Acc: 41.95610937618074

01-Feb-25 04:42:38 - Epoch 111, Train Loss: 1.8602861135433881, Test Loss: 1.860261164742075
01-Feb-25 04:42:38 - Train Acc: 44.03290163466345, Test Acc: 44.03780744625972

01-Feb-25 04:42:40 - Epoch 112, Train Loss: 1.8707784654456616, Test Loss: 1.8706813221012717
01-Feb-25 04:42:40 - Train Acc: 43.025575627337446, Test Acc: 43.03048143893371

01-Feb-25 04:42:42 - Epoch 113, Train Loss: 1.8976065937852684, Test Loss: 1.897562598134135
01-Feb-25 04:42:42 - Train Acc: 40.904631086321544, Test Acc: 40.91280744625972

01-Feb-25 04:42:43 - Epoch 114, Train Loss: 1.8447346809582832, Test Loss: 1.8447159419566284
01-Feb-25 04:42:43 - Train Acc: 45.51609106116243, Test Acc: 45.51609106116243

01-Feb-25 04:42:45 - Epoch 115, Train Loss: 1.8530884247559767, Test Loss: 1.8530254674045157
01-Feb-25 04:42:45 - Train Acc: 43.07953951122997, Test Acc: 43.08771587116814

01-Feb-25 04:42:47 - Epoch 116, Train Loss: 1.8499418968682761, Test Loss: 1.8498409139367686
01-Feb-25 04:42:47 - Train Acc: 44.52184720353766, Test Acc: 44.533294089984544

01-Feb-25 04:42:48 - Epoch 117, Train Loss: 1.8484692315915565, Test Loss: 1.8485303497139787
01-Feb-25 04:42:48 - Train Acc: 45.20702512709649, Test Acc: 45.205389863842136

01-Feb-25 04:42:50 - Epoch 118, Train Loss: 1.8393468062082927, Test Loss: 1.8393207657468187
01-Feb-25 04:42:50 - Train Acc: 45.99031921708104, Test Acc: 45.99849555518601

01-Feb-25 04:42:52 - Epoch 119, Train Loss: 1.8556117635943514, Test Loss: 1.8556115880553976
01-Feb-25 04:42:52 - Train Acc: 45.21520146520147, Test Acc: 45.220107276797734

01-Feb-25 04:42:53 - Epoch 120, Train Loss: 1.8762630302827437, Test Loss: 1.876362213284978
01-Feb-25 04:42:53 - Train Acc: 42.01661435675708, Test Acc: 42.01007326007326

01-Feb-25 04:42:55 - Epoch 121, Train Loss: 1.8689698352045192, Test Loss: 1.8688954669477302
01-Feb-25 04:42:55 - Train Acc: 43.37715855884901, Test Acc: 43.385334918787194

01-Feb-25 04:42:56 - Epoch 122, Train Loss: 1.8255964163895493, Test Loss: 1.8255968740134885
01-Feb-25 04:42:56 - Train Acc: 46.00503663003663, Test Acc: 46.00503663003663

01-Feb-25 04:42:58 - Epoch 123, Train Loss: 1.8463183025737384, Test Loss: 1.8462696333071251
01-Feb-25 04:42:58 - Train Acc: 45.66980639656821, Test Acc: 45.6812532830151

01-Feb-25 04:43:00 - Epoch 124, Train Loss: 1.8437153109700688, Test Loss: 1.8436765369478163
01-Feb-25 04:43:00 - Train Acc: 45.0680272264795, Test Acc: 45.06966248973385

01-Feb-25 04:43:02 - Epoch 125, Train Loss: 1.8532533942561447, Test Loss: 1.8532218059777341
01-Feb-25 04:43:02 - Train Acc: 45.28878859547905, Test Acc: 45.30350603026785

01-Feb-25 04:43:03 - Epoch 126, Train Loss: 1.8391773469282158, Test Loss: 1.8391642046498728
01-Feb-25 04:43:03 - Train Acc: 45.61420722758814, Test Acc: 45.619113039184406

01-Feb-25 04:43:05 - Epoch 127, Train Loss: 1.8708129492434826, Test Loss: 1.8707174171894898
01-Feb-25 04:43:05 - Train Acc: 44.184981684981686, Test Acc: 44.19642859326177

01-Feb-25 04:43:06 - Epoch 128, Train Loss: 1.8709458069050269, Test Loss: 1.8709391700479137
01-Feb-25 04:43:06 - Train Acc: 43.673142343213705, Test Acc: 43.669871794871796

01-Feb-25 04:43:08 - Epoch 129, Train Loss: 1.8350866941305308, Test Loss: 1.835011369142777
01-Feb-25 04:43:08 - Train Acc: 44.34196756872939, Test Acc: 44.35177919192192

01-Feb-25 04:43:10 - Epoch 130, Train Loss: 1.8847748390484205, Test Loss: 1.8848136890502203
01-Feb-25 04:43:10 - Train Acc: 43.76635269804315, Test Acc: 43.76308217153444

01-Feb-25 04:43:11 - Epoch 131, Train Loss: 1.8451876583553495, Test Loss: 1.8451559128778758
01-Feb-25 04:43:11 - Train Acc: 44.77040817886045, Test Acc: 44.77040817886045

01-Feb-25 04:43:13 - Epoch 132, Train Loss: 1.8421804035976257, Test Loss: 1.8421668726882654
01-Feb-25 04:43:13 - Train Acc: 45.69597069597069, Test Acc: 45.69924124431261

01-Feb-25 04:43:15 - Epoch 133, Train Loss: 1.8363559259163154, Test Loss: 1.8363463651566279
01-Feb-25 04:43:15 - Train Acc: 45.99195448033539, Test Acc: 45.996860291931654

01-Feb-25 04:43:16 - Epoch 134, Train Loss: 1.8512553531171638, Test Loss: 1.8511787604936314
01-Feb-25 04:43:16 - Train Acc: 44.90122973045587, Test Acc: 44.90940607947744

01-Feb-25 04:43:18 - Epoch 135, Train Loss: 1.839701886578794, Test Loss: 1.8396203958944524
01-Feb-25 04:43:18 - Train Acc: 45.42451596958733, Test Acc: 45.43596285603422

01-Feb-25 04:43:20 - Epoch 136, Train Loss: 1.8407996154966808, Test Loss: 1.8407935380062341
01-Feb-25 04:43:20 - Train Acc: 45.19230769230769, Test Acc: 45.19884878899152

01-Feb-25 04:43:21 - Epoch 137, Train Loss: 1.845042524320302, Test Loss: 1.844973766323411
01-Feb-25 04:43:21 - Train Acc: 45.064756678137584, Test Acc: 45.07129775298821

01-Feb-25 04:43:23 - Epoch 138, Train Loss: 1.8162036256475762, Test Loss: 1.8161644555710175
01-Feb-25 04:43:23 - Train Acc: 45.9003793887603, Test Acc: 45.91019101195283

01-Feb-25 04:43:25 - Epoch 139, Train Loss: 1.830184091141809, Test Loss: 1.8301502492401627
01-Feb-25 04:43:25 - Train Acc: 43.74018839864067, Test Acc: 43.74018839864067

01-Feb-25 04:43:26 - Epoch 140, Train Loss: 1.8400695843574328, Test Loss: 1.8399848536257342
01-Feb-25 04:43:26 - Train Acc: 44.12120617789663, Test Acc: 44.134288349431074

01-Feb-25 04:43:28 - Epoch 141, Train Loss: 1.8744778702983926, Test Loss: 1.8745392988889644
01-Feb-25 04:43:28 - Train Acc: 43.32155940078554, Test Acc: 43.326465201465204

01-Feb-25 04:43:30 - Epoch 142, Train Loss: 1.822318366159013, Test Loss: 1.8222597509950071
01-Feb-25 04:43:30 - Train Acc: 47.226582953344774, Test Acc: 47.23312402819539

01-Feb-25 04:43:31 - Epoch 143, Train Loss: 1.8240754281208191, Test Loss: 1.82411283101791
01-Feb-25 04:43:31 - Train Acc: 47.29526427202609, Test Acc: 47.30180534687671

01-Feb-25 04:43:33 - Epoch 144, Train Loss: 1.8148188695802794, Test Loss: 1.8148001768650153
01-Feb-25 04:43:33 - Train Acc: 46.59863946202037, Test Acc: 46.60518053687099

01-Feb-25 04:43:35 - Epoch 145, Train Loss: 1.8832062871464879, Test Loss: 1.8832065949946533
01-Feb-25 04:43:35 - Train Acc: 42.551347471418836, Test Acc: 42.56115909461137

01-Feb-25 04:43:36 - Epoch 146, Train Loss: 1.832578644211039, Test Loss: 1.8325831846439795
01-Feb-25 04:43:36 - Train Acc: 43.21526688533825, Test Acc: 43.21853743368016

01-Feb-25 04:43:38 - Epoch 147, Train Loss: 1.8037298917770386, Test Loss: 1.8036609219980764
01-Feb-25 04:43:38 - Train Acc: 47.99188907111521, Test Acc: 48.00497123173305

01-Feb-25 04:43:40 - Epoch 148, Train Loss: 1.8181412988529975, Test Loss: 1.8181783222890162
01-Feb-25 04:43:40 - Train Acc: 45.635465737227555, Test Acc: 45.63055992563129

01-Feb-25 04:43:41 - Epoch 149, Train Loss: 1.8236721216977299, Test Loss: 1.823652072703882
01-Feb-25 04:43:41 - Train Acc: 44.61342229511275, Test Acc: 44.62486918155964

01-Feb-25 04:43:43 - Epoch 150, Train Loss: 1.8224219712582264, Test Loss: 1.822339770121452
01-Feb-25 04:43:43 - Train Acc: 46.89135269804315, Test Acc: 46.89298798313071

01-Feb-25 04:43:45 - Epoch 151, Train Loss: 1.832097841269804, Test Loss: 1.8320236978950082
01-Feb-25 04:43:45 - Train Acc: 46.08516483516483, Test Acc: 46.094976458357365

01-Feb-25 04:43:47 - Epoch 152, Train Loss: 1.8398575743476113, Test Loss: 1.839793548042521
01-Feb-25 04:43:47 - Train Acc: 45.9003793887603, Test Acc: 45.91182627520718

01-Feb-25 04:43:48 - Epoch 153, Train Loss: 1.8397387777056013, Test Loss: 1.8396597362699962
01-Feb-25 04:43:48 - Train Acc: 46.2143511344225, Test Acc: 46.22906856921129

01-Feb-25 04:43:50 - Epoch 154, Train Loss: 1.8606856899820405, Test Loss: 1.8606854476334849
01-Feb-25 04:43:50 - Train Acc: 44.582352184114, Test Acc: 44.588893258964625

01-Feb-25 04:43:51 - Epoch 155, Train Loss: 1.8913855853971544, Test Loss: 1.8914631194684095
01-Feb-25 04:43:51 - Train Acc: 42.54807692307692, Test Acc: 42.54644165982257

01-Feb-25 04:43:53 - Epoch 156, Train Loss: 1.8094085664539548, Test Loss: 1.8093851154103822
01-Feb-25 04:43:53 - Train Acc: 47.62885924224015, Test Acc: 47.63540031709077

01-Feb-25 04:43:55 - Epoch 157, Train Loss: 1.8496882919863467, Test Loss: 1.8496000530955556
01-Feb-25 04:43:55 - Train Acc: 44.81456043956044, Test Acc: 44.821101536244264

01-Feb-25 04:43:56 - Epoch 158, Train Loss: 1.8098275984599914, Test Loss: 1.8097809225648314
01-Feb-25 04:43:56 - Train Acc: 47.239665103046015, Test Acc: 47.2511119894929

01-Feb-25 04:43:58 - Epoch 159, Train Loss: 1.813738913763137, Test Loss: 1.813713163246602
01-Feb-25 04:43:58 - Train Acc: 45.51282051282051, Test Acc: 45.51445579790807

01-Feb-25 04:44:00 - Epoch 160, Train Loss: 1.8039927696570373, Test Loss: 1.8039268779230642
01-Feb-25 04:44:00 - Train Acc: 47.08594976764022, Test Acc: 47.097396654087106

01-Feb-25 04:44:01 - Epoch 161, Train Loss: 1.8074948263692332, Test Loss: 1.807439455619225
01-Feb-25 04:44:01 - Train Acc: 46.58719257557348, Test Acc: 46.595368935511665

01-Feb-25 04:44:03 - Epoch 162, Train Loss: 1.8075326423505287, Test Loss: 1.807466026627537
01-Feb-25 04:44:03 - Train Acc: 46.36152539497767, Test Acc: 46.36970173308264

01-Feb-25 04:44:05 - Epoch 163, Train Loss: 1.8269950085943871, Test Loss: 1.8270299190129988
01-Feb-25 04:44:05 - Train Acc: 47.24130038813357, Test Acc: 47.2363945765373

01-Feb-25 04:44:06 - Epoch 164, Train Loss: 1.8347815751156091, Test Loss: 1.8347571931042514
01-Feb-25 04:44:06 - Train Acc: 43.99201990047217, Test Acc: 43.99529042698088

01-Feb-25 04:44:08 - Epoch 165, Train Loss: 1.8248069640044327, Test Loss: 1.8247083932052166
01-Feb-25 04:44:08 - Train Acc: 45.3672815373529, Test Acc: 45.38690478373797

01-Feb-25 04:44:10 - Epoch 166, Train Loss: 1.898209219013815, Test Loss: 1.8981666088977576
01-Feb-25 04:44:10 - Train Acc: 41.866169547860004, Test Acc: 41.86126373626374

01-Feb-25 04:44:11 - Epoch 167, Train Loss: 1.8283591344679668, Test Loss: 1.828294737435086
01-Feb-25 04:44:11 - Train Acc: 45.190672429053336, Test Acc: 45.19884878899152

01-Feb-25 04:44:13 - Epoch 168, Train Loss: 1.8168569894937368, Test Loss: 1.816785332920787
01-Feb-25 04:44:13 - Train Acc: 45.73194664039891, Test Acc: 45.74012297850389

01-Feb-25 04:44:15 - Epoch 169, Train Loss: 1.8056768764069666, Test Loss: 1.8055629922356797
01-Feb-25 04:44:15 - Train Acc: 47.200418632109084, Test Acc: 47.21023025530162

01-Feb-25 04:44:16 - Epoch 170, Train Loss: 1.8126534013957767, Test Loss: 1.8125991777622656
01-Feb-25 04:44:16 - Train Acc: 46.979657252192936, Test Acc: 46.99437467606513

01-Feb-25 04:44:18 - Epoch 171, Train Loss: 1.8018793658022478, Test Loss: 1.8018398402811406
01-Feb-25 04:44:18 - Train Acc: 48.845499753952026, Test Acc: 48.853676092057

01-Feb-25 04:44:20 - Epoch 172, Train Loss: 1.8385312509187413, Test Loss: 1.8384915075022659
01-Feb-25 04:44:20 - Train Acc: 45.74175824175824, Test Acc: 45.74666405335451

01-Feb-25 04:44:21 - Epoch 173, Train Loss: 1.8377490419171232, Test Loss: 1.837655158269973
01-Feb-25 04:44:21 - Train Acc: 44.71971482147664, Test Acc: 44.7393380678617

01-Feb-25 04:44:23 - Epoch 174, Train Loss: 1.80525114772084, Test Loss: 1.8051811819111472
01-Feb-25 04:44:23 - Train Acc: 47.21840659340659, Test Acc: 47.2363945765373

01-Feb-25 04:44:25 - Epoch 175, Train Loss: 1.813578180341057, Test Loss: 1.8135111244606885
01-Feb-25 04:44:25 - Train Acc: 45.73358190365327, Test Acc: 45.73848771524953

01-Feb-25 04:44:26 - Epoch 176, Train Loss: 1.8039041600384556, Test Loss: 1.8038330650154923
01-Feb-25 04:44:26 - Train Acc: 47.396650975877115, Test Acc: 47.4080978732406

01-Feb-25 04:44:28 - Epoch 177, Train Loss: 1.8138217567960857, Test Loss: 1.8137750293745662
01-Feb-25 04:44:28 - Train Acc: 47.09085557923649, Test Acc: 47.10230246568337

01-Feb-25 04:44:30 - Epoch 178, Train Loss: 1.831590208815131, Test Loss: 1.8315581349662808
01-Feb-25 04:44:30 - Train Acc: 44.67229200151814, Test Acc: 44.68046835053971

01-Feb-25 04:44:31 - Epoch 179, Train Loss: 1.7847064694205483, Test Loss: 1.784716186942635
01-Feb-25 04:44:31 - Train Acc: 48.5691391941392, Test Acc: 48.575680290823016

01-Feb-25 04:44:33 - Epoch 180, Train Loss: 1.8421549176995133, Test Loss: 1.8420666355789799
01-Feb-25 04:44:33 - Train Acc: 46.709837789063926, Test Acc: 46.72128468642741

01-Feb-25 04:44:34 - Epoch 181, Train Loss: 1.8363150829797263, Test Loss: 1.8362920803901477
01-Feb-25 04:44:34 - Train Acc: 45.19721350390396, Test Acc: 45.205389863842136

01-Feb-25 04:44:36 - Epoch 182, Train Loss: 1.8207149689014142, Test Loss: 1.8208010694482823
01-Feb-25 04:44:36 - Train Acc: 46.351713771785136, Test Acc: 46.348443223443226

01-Feb-25 04:44:38 - Epoch 183, Train Loss: 1.7913721865350074, Test Loss: 1.7913589123841172
01-Feb-25 04:44:38 - Train Acc: 47.35249870426052, Test Acc: 47.34922815591861

01-Feb-25 04:44:39 - Epoch 184, Train Loss: 1.808254585597978, Test Loss: 1.8082232086649745
01-Feb-25 04:44:39 - Train Acc: 46.66732078070169, Test Acc: 46.67386185555231

01-Feb-25 04:44:41 - Epoch 185, Train Loss: 1.8018940263615424, Test Loss: 1.8018898968294863
01-Feb-25 04:44:41 - Train Acc: 48.46775250120477, Test Acc: 48.46775250120477

01-Feb-25 04:44:43 - Epoch 186, Train Loss: 1.8008195078853286, Test Loss: 1.8007449016466246
01-Feb-25 04:44:43 - Train Acc: 47.32142857142857, Test Acc: 47.326334383024836

01-Feb-25 04:44:44 - Epoch 187, Train Loss: 1.7927722861041953, Test Loss: 1.7926898880319282
01-Feb-25 04:44:44 - Train Acc: 49.60426478595524, Test Acc: 49.607535334297154

01-Feb-25 04:44:46 - Epoch 188, Train Loss: 1.817813596882663, Test Loss: 1.817653401867374
01-Feb-25 04:44:46 - Train Acc: 45.808804297185205, Test Acc: 45.83333335516654

01-Feb-25 04:44:48 - Epoch 189, Train Loss: 1.8335994997304002, Test Loss: 1.8335578380486903
01-Feb-25 04:44:48 - Train Acc: 43.82522240444854, Test Acc: 43.833398753470114

01-Feb-25 04:44:49 - Epoch 190, Train Loss: 1.7947319104121282, Test Loss: 1.794681654308305
01-Feb-25 04:44:49 - Train Acc: 47.90521978021978, Test Acc: 47.91339614015796

01-Feb-25 04:44:51 - Epoch 191, Train Loss: 1.8159750761129918, Test Loss: 1.815965473433554
01-Feb-25 04:44:51 - Train Acc: 45.07129775298821, Test Acc: 45.07293303807577

01-Feb-25 04:44:53 - Epoch 192, Train Loss: 1.8009582753583189, Test Loss: 1.800823381968907
01-Feb-25 04:44:53 - Train Acc: 48.19956830133012, Test Acc: 48.20937992452265

01-Feb-25 04:44:54 - Epoch 193, Train Loss: 1.800251692642659, Test Loss: 1.8001758785911532
01-Feb-25 04:44:54 - Train Acc: 48.95015699522836, Test Acc: 48.96978024161342

01-Feb-25 04:44:56 - Epoch 194, Train Loss: 1.8030880838086754, Test Loss: 1.8030087703313582
01-Feb-25 04:44:56 - Train Acc: 49.473443223443226, Test Acc: 49.491431206573935

01-Feb-25 04:44:58 - Epoch 195, Train Loss: 1.8246852631097312, Test Loss: 1.8246143676422455
01-Feb-25 04:44:58 - Train Acc: 45.550431720503084, Test Acc: 45.565149155291884

01-Feb-25 04:44:59 - Epoch 196, Train Loss: 1.7913016692186012, Test Loss: 1.7912225749466446
01-Feb-25 04:44:59 - Train Acc: 50.650837264218175, Test Acc: 50.66064888741071

01-Feb-25 04:45:01 - Epoch 197, Train Loss: 1.7997816224674603, Test Loss: 1.7997562199721844
01-Feb-25 04:45:01 - Train Acc: 48.44976452899066, Test Acc: 48.459576141266595

01-Feb-25 04:45:03 - Epoch 198, Train Loss: 1.7811506938584996, Test Loss: 1.7810460372722192
01-Feb-25 04:45:03 - Train Acc: 49.20198849705986, Test Acc: 49.22324700669928

01-Feb-25 04:45:04 - Epoch 199, Train Loss: 1.8105649633721992, Test Loss: 1.8104870873929817
01-Feb-25 04:45:04 - Train Acc: 48.90763998686612, Test Acc: 48.92399269582588

01-Feb-25 04:45:06 - Epoch 200, Train Loss: 1.8076167102261778, Test Loss: 1.8076215440973693
01-Feb-25 04:45:06 - Train Acc: 46.999280487661395, Test Acc: 46.99600996115269

01-Feb-25 04:45:06 - Finished training neural network
01-Feb-25 04:45:06 - Saving model
01-Feb-25 04:45:06 - Model saved successfully

