01-Feb-25 04:40:01 - Training neural network on embeddings for window: rectangular
01-Feb-25 04:40:01 - Loading data from train_data/embeddings/rectangular_embeddings.csv
01-Feb-25 04:40:01 - Data loaded successfully
01-Feb-25 04:40:02 - Training neural network
01-Feb-25 04:40:03 - Epoch 1, Train Loss: 2.066454362083267, Test Loss: 2.0664445956548056
01-Feb-25 04:40:03 - Train Acc: 25.896127691199055, Test Acc: 25.887951336719176

01-Feb-25 04:40:04 - Epoch 2, Train Loss: 2.0574434807885695, Test Loss: 2.0574343711028606
01-Feb-25 04:40:04 - Train Acc: 24.748168498168496, Test Acc: 24.746533234914143

01-Feb-25 04:40:06 - Epoch 3, Train Loss: 2.0658974822187597, Test Loss: 2.065820044213599
01-Feb-25 04:40:06 - Train Acc: 25.083398753470117, Test Acc: 25.09321037666265

01-Feb-25 04:40:07 - Epoch 4, Train Loss: 2.0360576512612703, Test Loss: 2.036087073685922
01-Feb-25 04:40:07 - Train Acc: 26.90835951012133, Test Acc: 26.89364207533253

01-Feb-25 04:40:08 - Epoch 5, Train Loss: 2.047594815820128, Test Loss: 2.0476874248448746
01-Feb-25 04:40:08 - Train Acc: 22.244570914642278, Test Acc: 22.236394560162402

01-Feb-25 04:40:10 - Epoch 6, Train Loss: 2.024392933199257, Test Loss: 2.0244178579840466
01-Feb-25 04:40:10 - Train Acc: 27.830651500722865, Test Acc: 27.82411041495564

01-Feb-25 04:40:11 - Epoch 7, Train Loss: 2.0338893613535842, Test Loss: 2.033908961893438
01-Feb-25 04:40:11 - Train Acc: 25.089939828320738, Test Acc: 25.09975145151327

01-Feb-25 04:40:13 - Epoch 8, Train Loss: 2.022111632011749, Test Loss: 2.0220551992947366
01-Feb-25 04:40:13 - Train Acc: 25.858516483516482, Test Acc: 25.865057569283707

01-Feb-25 04:40:14 - Epoch 9, Train Loss: 2.0511181616521146, Test Loss: 2.0512753166121875
01-Feb-25 04:40:14 - Train Acc: 20.252812672884037, Test Acc: 20.244636318404158

01-Feb-25 04:40:16 - Epoch 10, Train Loss: 2.018643943381397, Test Loss: 2.018710728530045
01-Feb-25 04:40:16 - Train Acc: 22.579801159027294, Test Acc: 22.576530621601986

01-Feb-25 04:40:18 - Epoch 11, Train Loss: 2.038683641961206, Test Loss: 2.038765075879219
01-Feb-25 04:40:18 - Train Acc: 26.33110937618074, Test Acc: 26.319662481546402

01-Feb-25 04:40:20 - Epoch 12, Train Loss: 2.0023486343495573, Test Loss: 2.002387876039023
01-Feb-25 04:40:20 - Train Acc: 27.205978546823776, Test Acc: 27.204343278111118

01-Feb-25 04:40:21 - Epoch 13, Train Loss: 1.9910795719195635, Test Loss: 1.9910640520053906
01-Feb-25 04:40:21 - Train Acc: 28.280350604118446, Test Acc: 28.286891684427367

01-Feb-25 04:40:23 - Epoch 14, Train Loss: 1.9848870235485034, Test Loss: 1.9849363364579478
01-Feb-25 04:40:23 - Train Acc: 29.012951336719176, Test Acc: 29.019492417028097

01-Feb-25 04:40:25 - Epoch 15, Train Loss: 1.99475992948581, Test Loss: 1.9948563907609318
01-Feb-25 04:40:25 - Train Acc: 28.679356361046814, Test Acc: 28.672815286196194

01-Feb-25 04:40:26 - Epoch 16, Train Loss: 1.9968832320782728, Test Loss: 1.9969031819493779
01-Feb-25 04:40:26 - Train Acc: 27.80448717948718, Test Acc: 27.80448717948718

01-Feb-25 04:40:28 - Epoch 17, Train Loss: 1.977267677530701, Test Loss: 1.9771924996987367
01-Feb-25 04:40:28 - Train Acc: 29.50026164779733, Test Acc: 29.49699111037202

01-Feb-25 04:40:30 - Epoch 18, Train Loss: 1.9863405786591135, Test Loss: 1.9863688360640417
01-Feb-25 04:40:30 - Train Acc: 29.10779697117788, Test Acc: 29.112702782774146

01-Feb-25 04:40:31 - Epoch 19, Train Loss: 1.9897996252709693, Test Loss: 1.9897922980479705
01-Feb-25 04:40:31 - Train Acc: 29.413592362360202, Test Acc: 29.416862905243814

01-Feb-25 04:40:33 - Epoch 20, Train Loss: 1.9809146180694357, Test Loss: 1.980864092543885
01-Feb-25 04:40:33 - Train Acc: 28.733320255855936, Test Acc: 28.741496604877515

01-Feb-25 04:40:35 - Epoch 21, Train Loss: 1.9645725252864126, Test Loss: 1.9644972946180965
01-Feb-25 04:40:35 - Train Acc: 29.423403980094434, Test Acc: 29.423403980094434

01-Feb-25 04:40:36 - Epoch 22, Train Loss: 1.9605259152995798, Test Loss: 1.960441692844852
01-Feb-25 04:40:36 - Train Acc: 30.630232868613778, Test Acc: 30.620421245421245

01-Feb-25 04:40:38 - Epoch 23, Train Loss: 1.9905246321534935, Test Loss: 1.9905366482752147
01-Feb-25 04:40:38 - Train Acc: 27.878074309764763, Test Acc: 27.887885932957296

01-Feb-25 04:40:40 - Epoch 24, Train Loss: 1.9709975881017607, Test Loss: 1.9711015949319133
01-Feb-25 04:40:40 - Train Acc: 31.097919949681767, Test Acc: 31.081567243451165

01-Feb-25 04:40:41 - Epoch 25, Train Loss: 1.9407793650260339, Test Loss: 1.9407313424588997
01-Feb-25 04:40:41 - Train Acc: 33.452708009398464, Test Acc: 33.437990581432544

01-Feb-25 04:40:43 - Epoch 26, Train Loss: 1.9290600198529142, Test Loss: 1.928924403347812
01-Feb-25 04:40:43 - Train Acc: 34.13461538461539, Test Acc: 34.13298012136103

01-Feb-25 04:40:45 - Epoch 27, Train Loss: 1.9292123780582413, Test Loss: 1.9291418838850307
01-Feb-25 04:40:45 - Train Acc: 34.724947679173816, Test Acc: 34.71677133015224

01-Feb-25 04:40:46 - Epoch 28, Train Loss: 1.946959668463403, Test Loss: 1.9469485496863341
01-Feb-25 04:40:46 - Train Acc: 35.71592098845667, Test Acc: 35.709379908147746

01-Feb-25 04:40:48 - Epoch 29, Train Loss: 1.9146656623253455, Test Loss: 1.9146441723400855
01-Feb-25 04:40:48 - Train Acc: 38.14756672679286, Test Acc: 38.13611983488767

01-Feb-25 04:40:50 - Epoch 30, Train Loss: 1.9706166493587005, Test Loss: 1.9705484804216322
01-Feb-25 04:40:50 - Train Acc: 33.191064895291035, Test Acc: 33.19433543271634

01-Feb-25 04:40:51 - Epoch 31, Train Loss: 1.9144025582533617, Test Loss: 1.9144434147265368
01-Feb-25 04:40:51 - Train Acc: 38.05108583453811, Test Acc: 38.034733125578356

01-Feb-25 04:40:53 - Epoch 32, Train Loss: 1.903149419215136, Test Loss: 1.9030552748795395
01-Feb-25 04:40:53 - Train Acc: 38.078885408111546, Test Acc: 38.07561487068624

01-Feb-25 04:40:55 - Epoch 33, Train Loss: 1.9094087121250864, Test Loss: 1.9092754405060095
01-Feb-25 04:40:55 - Train Acc: 38.611983259518944, Test Acc: 38.610347985347985

01-Feb-25 04:40:57 - Epoch 34, Train Loss: 1.9619065614847035, Test Loss: 1.9619386768166398
01-Feb-25 04:40:57 - Train Acc: 34.984955530026895, Test Acc: 34.98168498168498

01-Feb-25 04:40:58 - Epoch 35, Train Loss: 1.9191912779441247, Test Loss: 1.9192069100809621
01-Feb-25 04:40:58 - Train Acc: 36.97017269693451, Test Acc: 36.961996336996336

01-Feb-25 04:41:00 - Epoch 36, Train Loss: 1.8948191181643979, Test Loss: 1.8947972063616518
01-Feb-25 04:41:00 - Train Acc: 38.51877289377289, Test Acc: 38.52367870536916

01-Feb-25 04:41:02 - Epoch 37, Train Loss: 1.8844956146491754, Test Loss: 1.8844144256997022
01-Feb-25 04:41:02 - Train Acc: 40.0264913782532, Test Acc: 40.016679755060665

01-Feb-25 04:41:03 - Epoch 38, Train Loss: 1.9202387559981573, Test Loss: 1.92012988167368
01-Feb-25 04:41:03 - Train Acc: 37.7845368979178, Test Acc: 37.78617216117216

01-Feb-25 04:41:05 - Epoch 39, Train Loss: 1.9258366714030395, Test Loss: 1.9258010033722763
01-Feb-25 04:41:05 - Train Acc: 36.719976458357365, Test Acc: 36.733058608058606

01-Feb-25 04:41:07 - Epoch 40, Train Loss: 1.903862775463761, Test Loss: 1.9038816197014554
01-Feb-25 04:41:07 - Train Acc: 40.53833072002117, Test Acc: 40.533424908424905

01-Feb-25 04:41:08 - Epoch 41, Train Loss: 1.8900324935878152, Test Loss: 1.8900067810610537
01-Feb-25 04:41:08 - Train Acc: 38.770604395604394, Test Acc: 38.75915750915751

01-Feb-25 04:41:10 - Epoch 42, Train Loss: 1.9042192618925493, Test Loss: 1.9041677927359557
01-Feb-25 04:41:10 - Train Acc: 39.50647567654704, Test Acc: 39.50320512820513

01-Feb-25 04:41:12 - Epoch 43, Train Loss: 1.8819134444980832, Test Loss: 1.881897509316385
01-Feb-25 04:41:12 - Train Acc: 41.21533230547503, Test Acc: 41.20061487068624

01-Feb-25 04:41:13 - Epoch 44, Train Loss: 1.8773165006777306, Test Loss: 1.8773559043695638
01-Feb-25 04:41:13 - Train Acc: 41.120486665558026, Test Acc: 41.104133967514876

01-Feb-25 04:41:15 - Epoch 45, Train Loss: 1.8936674162581726, Test Loss: 1.8936207460396455
01-Feb-25 04:41:15 - Train Acc: 39.89730507899554, Test Acc: 39.89403454157022

01-Feb-25 04:41:17 - Epoch 46, Train Loss: 1.878589520524273, Test Loss: 1.878570094650045
01-Feb-25 04:41:17 - Train Acc: 42.065672429053336, Test Acc: 42.052590268435495

01-Feb-25 04:41:18 - Epoch 47, Train Loss: 1.889024256786584, Test Loss: 1.8891407950020536
01-Feb-25 04:41:18 - Train Acc: 41.68465464979737, Test Acc: 41.663396129241356

01-Feb-25 04:41:20 - Epoch 48, Train Loss: 1.8874276527118334, Test Loss: 1.8873314198120172
01-Feb-25 04:41:20 - Train Acc: 40.90136054889623, Test Acc: 40.904631086321544

01-Feb-25 04:41:22 - Epoch 49, Train Loss: 1.8987406086135696, Test Loss: 1.8988072265198817
01-Feb-25 04:41:22 - Train Acc: 40.80324438247052, Test Acc: 40.79179749056533

01-Feb-25 04:41:23 - Epoch 50, Train Loss: 1.8665000003772778, Test Loss: 1.866449853876135
01-Feb-25 04:41:23 - Train Acc: 40.791797496023634, Test Acc: 40.78362114700206

01-Feb-25 04:41:25 - Epoch 51, Train Loss: 1.8699844080013233, Test Loss: 1.869893172285059
01-Feb-25 04:41:25 - Train Acc: 44.09831240500286, Test Acc: 44.09504186757755

01-Feb-25 04:41:27 - Epoch 52, Train Loss: 1.8730542773292178, Test Loss: 1.8729737678290286
01-Feb-25 04:41:27 - Train Acc: 41.76968864468864, Test Acc: 41.766418107263334

01-Feb-25 04:41:28 - Epoch 53, Train Loss: 1.930139804061079, Test Loss: 1.9302075302207864
01-Feb-25 04:41:28 - Train Acc: 38.44518577441191, Test Acc: 38.438644688644686

01-Feb-25 04:41:30 - Epoch 54, Train Loss: 1.8674063774255605, Test Loss: 1.8674706024128003
01-Feb-25 04:41:30 - Train Acc: 41.45571692085965, Test Acc: 41.434458400303626

01-Feb-25 04:41:32 - Epoch 55, Train Loss: 1.8590378136861891, Test Loss: 1.8589928565007863
01-Feb-25 04:41:32 - Train Acc: 42.180141293522205, Test Acc: 42.181776556776555

01-Feb-25 04:41:34 - Epoch 56, Train Loss: 1.8466962344480522, Test Loss: 1.8466484101264031
01-Feb-25 04:41:34 - Train Acc: 44.04761904761905, Test Acc: 44.03780743534312

01-Feb-25 04:41:35 - Epoch 57, Train Loss: 1.8832503662004576, Test Loss: 1.8833005078982958
01-Feb-25 04:41:35 - Train Acc: 42.41889063473586, Test Acc: 42.42052590890682

01-Feb-25 04:41:37 - Epoch 58, Train Loss: 1.8543950410989614, Test Loss: 1.8543371167375056
01-Feb-25 04:41:37 - Train Acc: 42.438513870204325, Test Acc: 42.43360805860806

01-Feb-25 04:41:39 - Epoch 59, Train Loss: 1.8582305860170079, Test Loss: 1.8581410751237974
01-Feb-25 04:41:39 - Train Acc: 42.994505494505496, Test Acc: 42.99614076867645

01-Feb-25 04:41:41 - Epoch 60, Train Loss: 1.8532119727396703, Test Loss: 1.853142289014963
01-Feb-25 04:41:41 - Train Acc: 44.389390377771285, Test Acc: 44.38284930292067

01-Feb-25 04:41:43 - Epoch 61, Train Loss: 1.898826784266657, Test Loss: 1.8987669390199822
01-Feb-25 04:41:43 - Train Acc: 41.52766876604967, Test Acc: 41.521127691199055

01-Feb-25 04:41:45 - Epoch 62, Train Loss: 1.866416490558303, Test Loss: 1.866395585702889
01-Feb-25 04:41:45 - Train Acc: 42.24882261220352, Test Acc: 42.24391680060725

01-Feb-25 04:41:47 - Epoch 63, Train Loss: 1.847720056663066, Test Loss: 1.8476699407284076
01-Feb-25 04:41:47 - Train Acc: 44.031266360492495, Test Acc: 44.029631086321544

01-Feb-25 04:41:49 - Epoch 64, Train Loss: 1.8426447412469884, Test Loss: 1.8425657517744072
01-Feb-25 04:41:49 - Train Acc: 45.55860805860806, Test Acc: 45.55206698375744

01-Feb-25 04:41:51 - Epoch 65, Train Loss: 1.903240164120992, Test Loss: 1.903247506190569
01-Feb-25 04:41:51 - Train Acc: 40.876831501831504, Test Acc: 40.86374935213026

01-Feb-25 04:41:53 - Epoch 66, Train Loss: 1.8638470937044194, Test Loss: 1.8638094327388666
01-Feb-25 04:41:53 - Train Acc: 42.9650706467611, Test Acc: 42.96343538350675

01-Feb-25 04:41:55 - Epoch 67, Train Loss: 1.8425199321774772, Test Loss: 1.8424297942346706
01-Feb-25 04:41:55 - Train Acc: 43.36407640914777, Test Acc: 43.36407640914777

01-Feb-25 04:41:57 - Epoch 68, Train Loss: 1.8664527712287484, Test Loss: 1.8664021553137364
01-Feb-25 04:41:57 - Train Acc: 43.370617483998394, Test Acc: 43.370617483998394

01-Feb-25 04:41:58 - Epoch 69, Train Loss: 1.8503724537489614, Test Loss: 1.8503533055930783
01-Feb-25 04:41:58 - Train Acc: 43.78434065934066, Test Acc: 43.769623235468465

01-Feb-25 04:42:00 - Epoch 70, Train Loss: 1.87833302623623, Test Loss: 1.8784227471648556
01-Feb-25 04:42:00 - Train Acc: 41.73044218466832, Test Acc: 41.7239010989011

01-Feb-25 04:42:02 - Epoch 71, Train Loss: 1.8424463547193086, Test Loss: 1.8423437810206151
01-Feb-25 04:42:02 - Train Acc: 44.19479330817422, Test Acc: 44.2062401946211

01-Feb-25 04:42:04 - Epoch 72, Train Loss: 1.967268080501766, Test Loss: 1.9670898870670752
01-Feb-25 04:42:04 - Train Acc: 37.529434853202694, Test Acc: 37.54415228253319

01-Feb-25 04:42:06 - Epoch 73, Train Loss: 1.8419948733333267, Test Loss: 1.8419671451652444
01-Feb-25 04:42:06 - Train Acc: 44.5970695970696, Test Acc: 44.588893258964625

01-Feb-25 04:42:08 - Epoch 74, Train Loss: 1.840814939348689, Test Loss: 1.840732833841345
01-Feb-25 04:42:08 - Train Acc: 45.83169807007898, Test Acc: 45.83006280682463

01-Feb-25 04:42:10 - Epoch 75, Train Loss: 1.846183913094657, Test Loss: 1.8461858907462039
01-Feb-25 04:42:10 - Train Acc: 43.89553899730082, Test Acc: 43.887362637362635

01-Feb-25 04:42:12 - Epoch 76, Train Loss: 1.8854609374161606, Test Loss: 1.8854818243683475
01-Feb-25 04:42:12 - Train Acc: 42.0558608058608, Test Acc: 42.06076661745707

01-Feb-25 04:42:14 - Epoch 77, Train Loss: 1.8823788672576458, Test Loss: 1.882347271555946
01-Feb-25 04:42:14 - Train Acc: 41.8481815865625, Test Acc: 41.85472266141311

01-Feb-25 04:42:16 - Epoch 78, Train Loss: 1.8784527355061347, Test Loss: 1.8783999205508948
01-Feb-25 04:42:16 - Train Acc: 44.61015176860404, Test Acc: 44.603610682836816

01-Feb-25 04:42:18 - Epoch 79, Train Loss: 1.8525633213720916, Test Loss: 1.8524232085371193
01-Feb-25 04:42:18 - Train Acc: 46.3419021485926, Test Acc: 46.34517269693451

01-Feb-25 04:42:20 - Epoch 80, Train Loss: 1.8669065970640917, Test Loss: 1.866817063027686
01-Feb-25 04:42:20 - Train Acc: 41.674843015688246, Test Acc: 41.68792517630609

01-Feb-25 04:42:22 - Epoch 81, Train Loss: 1.8367857033516461, Test Loss: 1.8367451359500815
01-Feb-25 04:42:22 - Train Acc: 46.09824700669928, Test Acc: 46.09170592093206

01-Feb-25 04:42:24 - Epoch 82, Train Loss: 1.8437559718177432, Test Loss: 1.843659377796746
01-Feb-25 04:42:24 - Train Acc: 45.205389863842136, Test Acc: 45.21193093869276

01-Feb-25 04:42:25 - Epoch 83, Train Loss: 1.8460187693655272, Test Loss: 1.8460019757022788
01-Feb-25 04:42:25 - Train Acc: 46.47272371110462, Test Acc: 46.47435897435897

01-Feb-25 04:42:27 - Epoch 84, Train Loss: 1.8586721677919884, Test Loss: 1.8586901487448277
01-Feb-25 04:42:27 - Train Acc: 43.86937467606513, Test Acc: 43.871009950236086

01-Feb-25 04:42:29 - Epoch 85, Train Loss: 1.850527755506746, Test Loss: 1.850458576129033
01-Feb-25 04:42:29 - Train Acc: 45.493197288268654, Test Acc: 45.493197288268654

01-Feb-25 04:42:31 - Epoch 86, Train Loss: 1.850302041668595, Test Loss: 1.8501970785441415
01-Feb-25 04:42:31 - Train Acc: 45.15960231805459, Test Acc: 45.15633176971268

01-Feb-25 04:42:33 - Epoch 87, Train Loss: 1.825060941360809, Test Loss: 1.8249639932052557
01-Feb-25 04:42:33 - Train Acc: 46.9371402438307, Test Acc: 46.94368131868132

01-Feb-25 04:42:35 - Epoch 88, Train Loss: 1.8486107386948862, Test Loss: 1.8485191392374563
01-Feb-25 04:42:35 - Train Acc: 45.921637898399716, Test Acc: 45.92327316165407

01-Feb-25 04:42:37 - Epoch 89, Train Loss: 1.8386410099246127, Test Loss: 1.8386337006048405
01-Feb-25 04:42:37 - Train Acc: 46.90279958449004, Test Acc: 46.90443485866099

01-Feb-25 04:42:39 - Epoch 90, Train Loss: 1.8539117793023805, Test Loss: 1.8539245565295657
01-Feb-25 04:42:39 - Train Acc: 45.980507593888504, Test Acc: 45.97887233063415

01-Feb-25 04:42:41 - Epoch 91, Train Loss: 1.8393762229563115, Test Loss: 1.8392734680420313
01-Feb-25 04:42:41 - Train Acc: 46.66077970585107, Test Acc: 46.665685517447336

01-Feb-25 04:42:43 - Epoch 92, Train Loss: 1.836524030664465, Test Loss: 1.8364476886861054
01-Feb-25 04:42:43 - Train Acc: 46.44982993821085, Test Acc: 46.44982993821085

01-Feb-25 04:42:45 - Epoch 93, Train Loss: 1.8334166274402603, Test Loss: 1.8334025065977495
01-Feb-25 04:42:45 - Train Acc: 45.91346153846154, Test Acc: 45.91182627520718

01-Feb-25 04:42:47 - Epoch 94, Train Loss: 1.822971333950867, Test Loss: 1.8229120681574056
01-Feb-25 04:42:47 - Train Acc: 47.07450288119333, Test Acc: 47.0794086927896

01-Feb-25 04:42:49 - Epoch 95, Train Loss: 1.8264316787649861, Test Loss: 1.8263466860348487
01-Feb-25 04:42:49 - Train Acc: 47.643576677028946, Test Acc: 47.641941391941394

01-Feb-25 04:42:50 - Epoch 96, Train Loss: 1.8295740565974197, Test Loss: 1.8294625173121581
01-Feb-25 04:42:50 - Train Acc: 48.06384092722184, Test Acc: 48.070382002072456

01-Feb-25 04:42:52 - Epoch 97, Train Loss: 1.8200566611447178, Test Loss: 1.81992910414825
01-Feb-25 04:42:52 - Train Acc: 47.686093674474584, Test Acc: 47.689364222816494

01-Feb-25 04:42:54 - Epoch 98, Train Loss: 1.831422773472992, Test Loss: 1.8313659709015173
01-Feb-25 04:42:54 - Train Acc: 46.971480903171354, Test Acc: 46.96821037666265

01-Feb-25 04:42:56 - Epoch 99, Train Loss: 1.8202769808716825, Test Loss: 1.820186890961923
01-Feb-25 04:42:56 - Train Acc: 48.16686290524382, Test Acc: 48.17013345358573

01-Feb-25 04:42:58 - Epoch 100, Train Loss: 1.8240315935987257, Test Loss: 1.8239714837336278
01-Feb-25 04:42:58 - Train Acc: 47.48168498168498, Test Acc: 47.486590793281245

01-Feb-25 04:43:00 - Epoch 101, Train Loss: 1.8365322408222018, Test Loss: 1.836546439390916
01-Feb-25 04:43:00 - Train Acc: 48.48410519924793, Test Acc: 48.475928839309745

01-Feb-25 04:43:02 - Epoch 102, Train Loss: 1.8328074435174684, Test Loss: 1.8326798970009381
01-Feb-25 04:43:02 - Train Acc: 47.49967295389909, Test Acc: 47.5029434913244

01-Feb-25 04:43:04 - Epoch 103, Train Loss: 1.80169082735921, Test Loss: 1.8015448195593697
01-Feb-25 04:43:04 - Train Acc: 49.36878598216689, Test Acc: 49.378597605359424

01-Feb-25 04:43:06 - Epoch 104, Train Loss: 1.8200837452333052, Test Loss: 1.8200040671414945
01-Feb-25 04:43:06 - Train Acc: 47.93628991305173, Test Acc: 47.944466251156705

01-Feb-25 04:43:08 - Epoch 105, Train Loss: 1.8113972730252332, Test Loss: 1.8113454658906538
01-Feb-25 04:43:08 - Train Acc: 50.06050498057635, Test Acc: 50.0621402438307

01-Feb-25 04:43:10 - Epoch 106, Train Loss: 1.8710506220003624, Test Loss: 1.8709124824502965
01-Feb-25 04:43:10 - Train Acc: 45.58804291726906, Test Acc: 45.59948981463254

01-Feb-25 04:43:12 - Epoch 107, Train Loss: 1.8388764430315068, Test Loss: 1.83879335634001
01-Feb-25 04:43:12 - Train Acc: 46.45637101306147, Test Acc: 46.46945318459591

01-Feb-25 04:43:14 - Epoch 108, Train Loss: 1.811877185171777, Test Loss: 1.8118792785393012
01-Feb-25 04:43:14 - Train Acc: 48.97141550486778, Test Acc: 48.97305076812213

01-Feb-25 04:43:16 - Epoch 109, Train Loss: 1.8230995551133766, Test Loss: 1.8230367169712052
01-Feb-25 04:43:16 - Train Acc: 48.188121414883234, Test Acc: 48.19629775298821

01-Feb-25 04:43:17 - Epoch 110, Train Loss: 1.8179213590237684, Test Loss: 1.8177947674915467
01-Feb-25 04:43:17 - Train Acc: 49.43910256410256, Test Acc: 49.44400837569883

01-Feb-25 04:43:19 - Epoch 111, Train Loss: 1.85935959536514, Test Loss: 1.8593316143685645
01-Feb-25 04:43:19 - Train Acc: 43.769623246385066, Test Acc: 43.76798797221411

01-Feb-25 04:43:21 - Epoch 112, Train Loss: 1.8395553997584753, Test Loss: 1.8395440740026396
01-Feb-25 04:43:21 - Train Acc: 47.91993721500858, Test Acc: 47.9264782898592

01-Feb-25 04:43:23 - Epoch 113, Train Loss: 1.8280230974539733, Test Loss: 1.8279628945794297
01-Feb-25 04:43:23 - Train Acc: 47.285452648833555, Test Acc: 47.283817385579205

01-Feb-25 04:43:25 - Epoch 114, Train Loss: 1.8124119807512333, Test Loss: 1.8124281399415962
01-Feb-25 04:43:25 - Train Acc: 48.99267399267399, Test Acc: 48.99430927776155

01-Feb-25 04:43:27 - Epoch 115, Train Loss: 1.8096468728103918, Test Loss: 1.8095795208717878
01-Feb-25 04:43:27 - Train Acc: 49.89861329614898, Test Acc: 49.9051543819162

01-Feb-25 04:43:29 - Epoch 116, Train Loss: 1.8125827705467141, Test Loss: 1.812564642001421
01-Feb-25 04:43:29 - Train Acc: 49.42438515114697, Test Acc: 49.421114602805055

01-Feb-25 04:43:31 - Epoch 117, Train Loss: 1.8326493366297347, Test Loss: 1.8326627291165865
01-Feb-25 04:43:31 - Train Acc: 48.443223443223445, Test Acc: 48.443223443223445

01-Feb-25 04:43:33 - Epoch 118, Train Loss: 1.8175591509857458, Test Loss: 1.817532752459739
01-Feb-25 04:43:33 - Train Acc: 48.457940878012245, Test Acc: 48.461211426354154

01-Feb-25 04:43:35 - Epoch 119, Train Loss: 1.8269896105532244, Test Loss: 1.8269440883245223
01-Feb-25 04:43:35 - Train Acc: 49.03519101195283, Test Acc: 49.04336735005781

01-Feb-25 04:43:37 - Epoch 120, Train Loss: 1.8404459796109043, Test Loss: 1.8403900874840033
01-Feb-25 04:43:37 - Train Acc: 47.396650975877115, Test Acc: 47.398286250048066

01-Feb-25 04:43:39 - Epoch 121, Train Loss: 1.8397530823836834, Test Loss: 1.8397300348177061
01-Feb-25 04:43:39 - Train Acc: 47.56017792355883, Test Acc: 47.56344847190074

01-Feb-25 04:43:41 - Epoch 122, Train Loss: 1.8252320708809318, Test Loss: 1.825297766989404
01-Feb-25 04:43:41 - Train Acc: 48.33366039035084, Test Acc: 48.32711931550023

01-Feb-25 04:43:42 - Epoch 123, Train Loss: 1.8100683562484854, Test Loss: 1.8100724316341974
01-Feb-25 04:43:42 - Train Acc: 49.7955913290436, Test Acc: 49.790685517447336

01-Feb-25 04:43:44 - Epoch 124, Train Loss: 1.8186184351260846, Test Loss: 1.8185982359197987
01-Feb-25 04:43:44 - Train Acc: 50.50693355200492, Test Acc: 50.50856881525927

01-Feb-25 04:43:46 - Epoch 125, Train Loss: 1.8633485739921039, Test Loss: 1.8634091641876724
01-Feb-25 04:43:46 - Train Acc: 46.87336473674564, Test Acc: 46.866823661895026

01-Feb-25 04:43:48 - Epoch 126, Train Loss: 1.813581801159478, Test Loss: 1.8135351781006699
01-Feb-25 04:43:48 - Train Acc: 49.5584772401677, Test Acc: 49.548665627891765

01-Feb-25 04:43:50 - Epoch 127, Train Loss: 1.7922109094731538, Test Loss: 1.7921628074331597
01-Feb-25 04:43:50 - Train Acc: 51.82005494505494, Test Acc: 51.82496075665121

01-Feb-25 04:43:52 - Epoch 128, Train Loss: 1.8766325834469917, Test Loss: 1.8765484461417565
01-Feb-25 04:43:52 - Train Acc: 46.69021455359546, Test Acc: 46.69184981684982

01-Feb-25 04:43:54 - Epoch 129, Train Loss: 1.7969370246370198, Test Loss: 1.796844630887657
01-Feb-25 04:43:54 - Train Acc: 50.07358713027759, Test Acc: 50.07522241536514

01-Feb-25 04:43:56 - Epoch 130, Train Loss: 1.7968631764471312, Test Loss: 1.7968495643182552
01-Feb-25 04:43:56 - Train Acc: 51.27551020720066, Test Acc: 51.27551020720066

01-Feb-25 04:43:58 - Epoch 131, Train Loss: 1.8237742683389684, Test Loss: 1.8236869708959
01-Feb-25 04:43:58 - Train Acc: 50.81599948607085, Test Acc: 50.82254056092147

01-Feb-25 04:44:00 - Epoch 132, Train Loss: 1.788551492568774, Test Loss: 1.7884491616553002
01-Feb-25 04:44:00 - Train Acc: 51.94597069597069, Test Acc: 51.95905286750514

01-Feb-25 04:44:02 - Epoch 133, Train Loss: 1.8108075595164037, Test Loss: 1.810700304778941
01-Feb-25 04:44:02 - Train Acc: 50.28290163466345, Test Acc: 50.28780744625972

01-Feb-25 04:44:04 - Epoch 134, Train Loss: 1.8156862695575198, Test Loss: 1.8155623211528793
01-Feb-25 04:44:04 - Train Acc: 51.241169547860004, Test Acc: 51.24607535945627

01-Feb-25 04:44:06 - Epoch 135, Train Loss: 1.7899950712155073, Test Loss: 1.789901091938927
01-Feb-25 04:44:06 - Train Acc: 51.86093669016282, Test Acc: 51.87728939912258

01-Feb-25 04:44:07 - Epoch 136, Train Loss: 1.7968879492728265, Test Loss: 1.796848279652578
01-Feb-25 04:44:07 - Train Acc: 50.61976715321943, Test Acc: 50.62957877641196

01-Feb-25 04:44:09 - Epoch 137, Train Loss: 1.8038303817148174, Test Loss: 1.8038211082800841
01-Feb-25 04:44:09 - Train Acc: 51.49627159803342, Test Acc: 51.48973052318279

01-Feb-25 04:44:11 - Epoch 138, Train Loss: 1.810685776965522, Test Loss: 1.8105694300089128
01-Feb-25 04:44:11 - Train Acc: 50.840528522218975, Test Acc: 50.8617870318584

01-Feb-25 04:44:13 - Epoch 139, Train Loss: 1.7977942354949838, Test Loss: 1.7977479691907163
01-Feb-25 04:44:13 - Train Acc: 52.48233909572001, Test Acc: 52.492150718912534

01-Feb-25 04:44:15 - Epoch 140, Train Loss: 1.8251968216110062, Test Loss: 1.8251528102399666
01-Feb-25 04:44:15 - Train Acc: 50.37284146298419, Test Acc: 50.384288349431074

01-Feb-25 04:44:17 - Epoch 141, Train Loss: 1.8028048888230934, Test Loss: 1.802763045489133
01-Feb-25 04:44:17 - Train Acc: 49.749803783256056, Test Acc: 49.75798012136103

01-Feb-25 04:44:19 - Epoch 142, Train Loss: 1.807933659780593, Test Loss: 1.8078696234322293
01-Feb-25 04:44:19 - Train Acc: 50.451334383024836, Test Acc: 50.45460493136675

01-Feb-25 04:44:21 - Epoch 143, Train Loss: 1.7993597818381621, Test Loss: 1.799305267386384
01-Feb-25 04:44:21 - Train Acc: 51.66306908314045, Test Acc: 51.669610157991066

01-Feb-25 04:44:23 - Epoch 144, Train Loss: 1.814001935742277, Test Loss: 1.8139336755424191
01-Feb-25 04:44:23 - Train Acc: 51.33765045103136, Test Acc: 51.342556262627625

01-Feb-25 04:44:25 - Epoch 145, Train Loss: 1.802343345387078, Test Loss: 1.8021911208009544
01-Feb-25 04:44:25 - Train Acc: 51.5371533322247, Test Acc: 51.55677657860976

01-Feb-25 04:44:27 - Epoch 146, Train Loss: 1.8237545795929737, Test Loss: 1.823634955909226
01-Feb-25 04:44:27 - Train Acc: 49.95584773930001, Test Acc: 49.97056517408881

01-Feb-25 04:44:29 - Epoch 147, Train Loss: 1.8070569951019007, Test Loss: 1.8069912016173422
01-Feb-25 04:44:29 - Train Acc: 49.96075353997968, Test Acc: 49.967294625746895

01-Feb-25 04:44:31 - Epoch 148, Train Loss: 1.79363997340639, Test Loss: 1.7935726616408798
01-Feb-25 04:44:31 - Train Acc: 53.26890373404646, Test Acc: 53.27053899730082

01-Feb-25 04:44:33 - Epoch 149, Train Loss: 1.8331264842560877, Test Loss: 1.8330736033645743
01-Feb-25 04:44:33 - Train Acc: 50.292713257855986, Test Acc: 50.29107797276843

01-Feb-25 04:44:35 - Epoch 150, Train Loss: 1.7959871995143402, Test Loss: 1.7958635943276542
01-Feb-25 04:44:35 - Train Acc: 52.529761904761905, Test Acc: 52.54284407629635

01-Feb-25 04:44:36 - Epoch 151, Train Loss: 1.7974194541518942, Test Loss: 1.7973472277323406
01-Feb-25 04:44:36 - Train Acc: 53.01216642061869, Test Acc: 53.021978043811224

01-Feb-25 04:44:38 - Epoch 152, Train Loss: 1.8116965529682871, Test Loss: 1.8115910182505737
01-Feb-25 04:44:38 - Train Acc: 51.60910518833133, Test Acc: 51.62545789729108

01-Feb-25 04:44:40 - Epoch 153, Train Loss: 1.78356244799855, Test Loss: 1.783500876182165
01-Feb-25 04:44:40 - Train Acc: 51.57639980316162, Test Acc: 51.57967032967033

01-Feb-25 04:44:42 - Epoch 154, Train Loss: 1.7829302453296088, Test Loss: 1.7827745021044552
01-Feb-25 04:44:42 - Train Acc: 51.99993460169642, Test Acc: 52.00811093980139

01-Feb-25 04:44:44 - Epoch 155, Train Loss: 1.796547735567058, Test Loss: 1.796522108626453
01-Feb-25 04:44:44 - Train Acc: 51.03349032856169, Test Acc: 51.03021978021978

01-Feb-25 04:44:46 - Epoch 156, Train Loss: 1.8135521652060986, Test Loss: 1.8134946465055584
01-Feb-25 04:44:46 - Train Acc: 50.09321037666265, Test Acc: 50.10465726310954

01-Feb-25 04:44:48 - Epoch 157, Train Loss: 1.815910367301969, Test Loss: 1.8159035531592456
01-Feb-25 04:44:48 - Train Acc: 48.273155431607705, Test Acc: 48.26824962001144

01-Feb-25 04:44:50 - Epoch 158, Train Loss: 1.7872782399802853, Test Loss: 1.7872112133564093
01-Feb-25 04:44:50 - Train Acc: 54.44466248973385, Test Acc: 54.45610937618074

01-Feb-25 04:44:51 - Epoch 159, Train Loss: 1.7966721625555129, Test Loss: 1.7966561767207834
01-Feb-25 04:44:51 - Train Acc: 52.946755628446084, Test Acc: 52.94021455359546

01-Feb-25 04:44:53 - Epoch 160, Train Loss: 1.829353772676908, Test Loss: 1.8293431861933334
01-Feb-25 04:44:53 - Train Acc: 50.43007588430202, Test Acc: 50.42844061013106

01-Feb-25 04:44:55 - Epoch 161, Train Loss: 1.7981097401280106, Test Loss: 1.7980147412408403
01-Feb-25 04:44:55 - Train Acc: 52.13893250231341, Test Acc: 52.1503793887603

01-Feb-25 04:44:56 - Epoch 162, Train Loss: 1.803683529843341, Test Loss: 1.8035667422926907
01-Feb-25 04:44:56 - Train Acc: 53.60576923076923, Test Acc: 53.62702774040865

01-Feb-25 04:44:58 - Epoch 163, Train Loss: 1.805172974810059, Test Loss: 1.8051141260307788
01-Feb-25 04:44:58 - Train Acc: 50.63284930292067, Test Acc: 50.639390377771285

01-Feb-25 04:45:00 - Epoch 164, Train Loss: 1.7950357914844275, Test Loss: 1.7949910251212207
01-Feb-25 04:45:00 - Train Acc: 52.291012574464844, Test Acc: 52.2926478377192

01-Feb-25 04:45:01 - Epoch 165, Train Loss: 1.7810533400420303, Test Loss: 1.7810143446310973
01-Feb-25 04:45:01 - Train Acc: 52.89279174455356, Test Acc: 52.89606229289547

01-Feb-25 04:45:03 - Epoch 166, Train Loss: 1.7798601550496977, Test Loss: 1.7798021612586556
01-Feb-25 04:45:03 - Train Acc: 53.66790947459993, Test Acc: 53.66790947459993

01-Feb-25 04:45:05 - Epoch 167, Train Loss: 1.7960403900006752, Test Loss: 1.7960249840558231
01-Feb-25 04:45:05 - Train Acc: 53.17896390572572, Test Acc: 53.177328642471366

01-Feb-25 04:45:06 - Epoch 168, Train Loss: 1.8027432231239346, Test Loss: 1.8026434947282841
01-Feb-25 04:45:06 - Train Acc: 53.09883570059752, Test Acc: 53.120094210236935

01-Feb-25 04:45:08 - Epoch 169, Train Loss: 1.8018217807287698, Test Loss: 1.8017491822714333
01-Feb-25 04:45:08 - Train Acc: 54.07999738668784, Test Acc: 54.08490319828411

01-Feb-25 04:45:10 - Epoch 170, Train Loss: 1.8011832062578026, Test Loss: 1.8011103147988792
01-Feb-25 04:45:10 - Train Acc: 51.97704082880265, Test Acc: 51.978676092057

01-Feb-25 04:45:12 - Epoch 171, Train Loss: 1.7847514375225528, Test Loss: 1.7846052616070478
01-Feb-25 04:45:12 - Train Acc: 53.15443485866099, Test Acc: 53.16751701927884

01-Feb-25 04:45:13 - Epoch 172, Train Loss: 1.7876548382825468, Test Loss: 1.7876536405130183
01-Feb-25 04:45:13 - Train Acc: 53.160975944428216, Test Acc: 53.160975944428216

01-Feb-25 04:45:15 - Epoch 173, Train Loss: 1.7896386629495866, Test Loss: 1.7895378708402752
01-Feb-25 04:45:15 - Train Acc: 52.26157771580385, Test Acc: 52.26648351648352

01-Feb-25 04:45:17 - Epoch 174, Train Loss: 1.7780636723661598, Test Loss: 1.7780058523674152
01-Feb-25 04:45:17 - Train Acc: 53.35720827727964, Test Acc: 53.360478825621556

01-Feb-25 04:45:19 - Epoch 175, Train Loss: 1.8074703950148363, Test Loss: 1.8075436427916363
01-Feb-25 04:45:19 - Train Acc: 51.3033097916907, Test Acc: 51.30821560328697

01-Feb-25 04:45:20 - Epoch 176, Train Loss: 1.7830239992875319, Test Loss: 1.7829704594699454
01-Feb-25 04:45:20 - Train Acc: 53.68753272098499, Test Acc: 53.694073795835614

01-Feb-25 04:45:22 - Epoch 177, Train Loss: 1.7876328234270815, Test Loss: 1.787519110428108
01-Feb-25 04:45:22 - Train Acc: 54.8992673992674, Test Acc: 54.91889064565246

01-Feb-25 04:45:23 - Epoch 178, Train Loss: 1.819082810328557, Test Loss: 1.8190396849489037
01-Feb-25 04:45:23 - Train Acc: 50.53146258815304, Test Acc: 50.52982732489869

01-Feb-25 04:45:25 - Epoch 179, Train Loss: 1.7962437475120627, Test Loss: 1.79610871220683
01-Feb-25 04:45:25 - Train Acc: 54.58693093869276, Test Acc: 54.60491889999027

01-Feb-25 04:45:27 - Epoch 180, Train Loss: 1.794312250483167, Test Loss: 1.7942952515878083
01-Feb-25 04:45:27 - Train Acc: 52.2779304029304, Test Acc: 52.28447149961423

01-Feb-25 04:45:28 - Epoch 181, Train Loss: 1.7763773469261197, Test Loss: 1.7762851357023357
01-Feb-25 04:45:28 - Train Acc: 53.120094199320334, Test Acc: 53.12990581159627

01-Feb-25 04:45:30 - Epoch 182, Train Loss: 1.775673121323079, Test Loss: 1.7756175357343513
01-Feb-25 04:45:30 - Train Acc: 54.981030889483165, Test Acc: 54.98920722758814

01-Feb-25 04:45:31 - Epoch 183, Train Loss: 1.8168022951363645, Test Loss: 1.8168137457781222
01-Feb-25 04:45:31 - Train Acc: 49.34262168276441, Test Acc: 49.34425694601877

01-Feb-25 04:45:33 - Epoch 184, Train Loss: 1.8345089508936956, Test Loss: 1.8343997123913887
01-Feb-25 04:45:33 - Train Acc: 51.18066458911686, Test Acc: 51.19538202390566

01-Feb-25 04:45:35 - Epoch 185, Train Loss: 1.7786109556645264, Test Loss: 1.7785302505388365
01-Feb-25 04:45:35 - Train Acc: 55.312990596442866, Test Acc: 55.324437482889756

01-Feb-25 04:45:36 - Epoch 186, Train Loss: 1.773072946639288, Test Loss: 1.7729302483163911
01-Feb-25 04:45:36 - Train Acc: 55.26393250231341, Test Acc: 55.27701467384786

01-Feb-25 04:45:38 - Epoch 187, Train Loss: 1.835612768655295, Test Loss: 1.8356500300732288
01-Feb-25 04:45:38 - Train Acc: 51.285321830393194, Test Acc: 51.28695709364755

01-Feb-25 04:45:39 - Epoch 188, Train Loss: 1.784618711296892, Test Loss: 1.784561922262003
01-Feb-25 04:45:39 - Train Acc: 52.658948204019566, Test Acc: 52.66385401561583

01-Feb-25 04:45:41 - Epoch 189, Train Loss: 1.785302888342749, Test Loss: 1.785272403951093
01-Feb-25 04:45:41 - Train Acc: 54.56240190254463, Test Acc: 54.57221352573716

01-Feb-25 04:45:42 - Epoch 190, Train Loss: 1.7885396620292804, Test Loss: 1.7884816411650661
01-Feb-25 04:45:42 - Train Acc: 54.10125589632726, Test Acc: 54.106161707923526

01-Feb-25 04:45:44 - Epoch 191, Train Loss: 1.8148231239982577, Test Loss: 1.8147224947646423
01-Feb-25 04:45:44 - Train Acc: 50.95009157509158, Test Acc: 50.953362123433486

01-Feb-25 04:45:46 - Epoch 192, Train Loss: 1.770863415120722, Test Loss: 1.770821492313902
01-Feb-25 04:45:46 - Train Acc: 54.10779697117788, Test Acc: 54.10779697117788

01-Feb-25 04:45:47 - Epoch 193, Train Loss: 1.7991241675156813, Test Loss: 1.7990258569682473
01-Feb-25 04:45:47 - Train Acc: 55.76923076923077, Test Acc: 55.78721875236148

01-Feb-25 04:45:49 - Epoch 194, Train Loss: 1.7821283772751526, Test Loss: 1.7820148393784687
01-Feb-25 04:45:49 - Train Acc: 53.60903977911114, Test Acc: 53.61558085396176

01-Feb-25 04:45:50 - Epoch 195, Train Loss: 1.7874879182040035, Test Loss: 1.7873911748438964
01-Feb-25 04:45:50 - Train Acc: 54.30075877752059, Test Acc: 54.30893511562557

01-Feb-25 04:45:52 - Epoch 196, Train Loss: 1.7825560216065293, Test Loss: 1.7824271712111028
01-Feb-25 04:45:52 - Train Acc: 55.427459460911734, Test Acc: 55.440541610612975

01-Feb-25 04:45:54 - Epoch 197, Train Loss: 1.8010262547831832, Test Loss: 1.8009831621533348
01-Feb-25 04:45:54 - Train Acc: 52.88952119621165, Test Acc: 52.89279174455356

01-Feb-25 04:45:55 - Epoch 198, Train Loss: 1.7768258380365896, Test Loss: 1.7767860540103564
01-Feb-25 04:45:55 - Train Acc: 55.455259045401775, Test Acc: 55.45198849705986

01-Feb-25 04:45:57 - Epoch 199, Train Loss: 1.7810433714381069, Test Loss: 1.7809128909757286
01-Feb-25 04:45:57 - Train Acc: 53.97534014541151, Test Acc: 53.993328106709015

01-Feb-25 04:45:58 - Epoch 200, Train Loss: 1.8100047539442012, Test Loss: 1.8098994812249265
01-Feb-25 04:45:58 - Train Acc: 50.493851402303676, Test Acc: 50.50366302549621

01-Feb-25 04:45:58 - Finished training neural network
01-Feb-25 04:45:58 - Saving model
01-Feb-25 04:45:58 - Model saved successfully

