01-Feb-25 03:31:21 - Training CNN on spectrograms for window: hann
01-Feb-25 03:31:21 - Using device: cuda
01-Feb-25 03:31:21 - Loading data from train_data/spectrograms/hann
01-Feb-25 03:31:21 - Data loaded successfully
01-Feb-25 03:31:22 - Starting training
01-Feb-25 03:32:58 - Epoch 1/15, Train Loss: 1.3675432216037404, Test Loss: 3.1796321868896484
01-Feb-25 03:32:58 - Train Accuracy: 0.5217582507566972, Test Accuracy: 0.2880002132483891

01-Feb-25 03:34:36 - Epoch 2/15, Train Loss: 0.7799033056605946, Test Loss: 2.311668200152261
01-Feb-25 03:34:36 - Train Accuracy: 0.7405471671711314, Test Accuracy: 0.43525440990924835

01-Feb-25 03:36:15 - Epoch 3/15, Train Loss: 0.5455967404625632, Test Loss: 0.7628603875637054
01-Feb-25 03:36:15 - Train Accuracy: 0.8167555256323381, Test Accuracy: 0.7567838302680424

01-Feb-25 03:37:55 - Epoch 4/15, Train Loss: 0.40237621014768427, Test Loss: 0.7994452842644283
01-Feb-25 03:37:55 - Train Accuracy: 0.8667574719949203, Test Accuracy: 0.7334606264318738

01-Feb-25 03:39:33 - Epoch 5/15, Train Loss: 0.2909814791245894, Test Loss: 1.2294258645602636
01-Feb-25 03:39:33 - Train Accuracy: 0.9080596197735179, Test Accuracy: 0.6332898565701076

01-Feb-25 03:41:12 - Epoch 6/15, Train Loss: 0.20382057496092537, Test Loss: 0.7188686685902732
01-Feb-25 03:41:12 - Train Accuracy: 0.9351183067668568, Test Accuracy: 0.7893583263669696

01-Feb-25 03:42:50 - Epoch 7/15, Train Loss: 0.19492251398888502, Test Loss: 0.9624428451061249
01-Feb-25 03:42:50 - Train Accuracy: 0.9324914379553362, Test Accuracy: 0.7518758050033024

01-Feb-25 03:44:15 - Epoch 8/15, Train Loss: 0.14392510110681708, Test Loss: 0.4547571518591472
01-Feb-25 03:44:15 - Train Accuracy: 0.949713962728327, Test Accuracy: 0.8573243830885205

01-Feb-25 03:45:35 - Epoch 9/15, Train Loss: 0.12303824763406407, Test Loss: 0.4418392436844962
01-Feb-25 03:45:35 - Train Accuracy: 0.9579175743189725, Test Accuracy: 0.8744621319430215

01-Feb-25 03:46:55 - Epoch 10/15, Train Loss: 0.1047432790087028, Test Loss: 0.7377592644521168
01-Feb-25 03:46:55 - Train Accuracy: 0.9643446445465088, Test Accuracy: 0.8128428884914943

01-Feb-25 03:48:15 - Epoch 11/15, Train Loss: 0.08057302961295301, Test Loss: 1.4697866354669844
01-Feb-25 03:48:15 - Train Accuracy: 0.9746439131823453, Test Accuracy: 0.6671014385563987

01-Feb-25 03:49:35 - Epoch 12/15, Train Loss: 0.05502229953100058, Test Loss: 0.3456029487507684
01-Feb-25 03:49:35 - Train Accuracy: 0.9796875, Test Accuracy: 0.9056650698184967

01-Feb-25 03:50:54 - Epoch 13/15, Train Loss: 0.06878141552548517, Test Loss: 0.864879092999867
01-Feb-25 03:50:54 - Train Accuracy: 0.9765975247729909, Test Accuracy: 0.7853579478604453

01-Feb-25 03:52:14 - Epoch 14/15, Train Loss: 0.06498362432149324, Test Loss: 1.0393942977700914
01-Feb-25 03:52:14 - Train Accuracy: 0.9783370950005271, Test Accuracy: 0.7768260538578033

01-Feb-25 03:53:34 - Epoch 15/15, Train Loss: 0.06780456301163543, Test Loss: 0.415632002055645
01-Feb-25 03:53:34 - Train Accuracy: 0.9764554793184453, Test Accuracy: 0.8796458116599492

01-Feb-25 03:53:34 - Training finished
01-Feb-25 03:53:34 - Saving model
01-Feb-25 03:53:34 - Model saved
