01-Feb-25 03:54:08 - Training CNN on spectrograms for window: hamming
01-Feb-25 03:54:08 - Using device: cuda
01-Feb-25 03:54:08 - Loading data from train_data/spectrograms/hamming
01-Feb-25 03:54:08 - Data loaded successfully
01-Feb-25 03:54:09 - Starting training
01-Feb-25 03:56:06 - Epoch 1/15, Train Loss: 1.2924521814693104, Test Loss: 7.0722673279898505
01-Feb-25 03:56:06 - Train Accuracy: 0.541323552348397, Test Accuracy: 0.18194653519562312

01-Feb-25 03:58:08 - Epoch 2/15, Train Loss: 0.7235417024655776, Test Loss: 2.4866788727896556
01-Feb-25 03:58:08 - Train Accuracy: 0.7597952983596108, Test Accuracy: 0.4707602730819157

01-Feb-25 04:00:06 - Epoch 3/15, Train Loss: 0.4826947656544772, Test Loss: 1.9840472766331263
01-Feb-25 04:00:06 - Train Accuracy: 0.8417905504053289, Test Accuracy: 0.5021043973309653

01-Feb-25 04:02:07 - Epoch 4/15, Train Loss: 0.35929067026485095, Test Loss: 1.9766636746270316
01-Feb-25 04:02:07 - Train Accuracy: 0.8817773190411654, Test Accuracy: 0.5395398565701076

01-Feb-25 04:04:04 - Epoch 5/15, Train Loss: 0.2828930258750916, Test Loss: 1.755366631916591
01-Feb-25 04:04:04 - Train Accuracy: 0.907454467903484, Test Accuracy: 0.5566305390426091

01-Feb-25 04:06:04 - Epoch 6/15, Train Loss: 0.21608394899151542, Test Loss: 1.6170468415532793
01-Feb-25 04:06:04 - Train Accuracy: 0.9291874224489386, Test Accuracy: 0.5820446951048714

01-Feb-25 04:08:03 - Epoch 7/15, Train Loss: 0.16955774941227653, Test Loss: 0.3747444599866867
01-Feb-25 04:08:03 - Train Accuracy: 0.9445653015916998, Test Accuracy: 0.8822746319430215

01-Feb-25 04:10:04 - Epoch 8/15, Train Loss: 0.1407981539991769, Test Loss: 0.8976995391505105
01-Feb-25 04:10:04 - Train Accuracy: 0.9535141652280634, Test Accuracy: 0.7425774506160191

01-Feb-25 04:12:02 - Epoch 9/15, Train Loss: 0.10175809149037708, Test Loss: 0.6746322810649872
01-Feb-25 04:12:02 - Train Accuracy: 0.9676116900010543, Test Accuracy: 0.7964984902313778

01-Feb-25 04:14:00 - Epoch 10/15, Train Loss: 0.07956732911142436, Test Loss: 0.409377070409911
01-Feb-25 04:14:00 - Train Accuracy: 0.9734725247729908, Test Accuracy: 0.8778574083532605

01-Feb-25 04:16:00 - Epoch 11/15, Train Loss: 0.06427392891862176, Test Loss: 0.7854892909526825
01-Feb-25 04:16:00 - Train Accuracy: 0.9798645702275363, Test Accuracy: 0.7813844638211387

01-Feb-25 04:18:00 - Epoch 12/15, Train Loss: 0.061170973679558795, Test Loss: 0.5841966186250959
01-Feb-25 04:18:00 - Train Accuracy: 0.9820653015916998, Test Accuracy: 0.8345390473093305

01-Feb-25 04:19:59 - Epoch 13/15, Train Loss: 0.06367285492067987, Test Loss: 0.26728646191103117
01-Feb-25 04:19:59 - Train Accuracy: 0.979154342954809, Test Accuracy: 0.9200126358440944

01-Feb-25 04:21:58 - Epoch 14/15, Train Loss: 0.06084599005566402, Test Loss: 0.5877822424684253
01-Feb-25 04:21:58 - Train Accuracy: 0.9766675743189726, Test Accuracy: 0.8505808923925672

01-Feb-25 04:23:56 - Epoch 15/15, Train Loss: 0.07913647675040093, Test Loss: 0.9208872531141553
01-Feb-25 04:23:56 - Train Accuracy: 0.973684619773518, Test Accuracy: 0.7564812813486371

01-Feb-25 04:23:56 - Training finished
01-Feb-25 04:23:56 - Saving model
01-Feb-25 04:23:56 - Model saved
