01-Feb-25 04:33:38 - Training neural network on embeddings for window: hann
01-Feb-25 04:33:38 - Loading data from train_data/embeddings/hann_embeddings.csv
01-Feb-25 04:33:39 - Data loaded successfully
01-Feb-25 04:33:39 - Training neural network
01-Feb-25 04:33:41 - Epoch 1, Train Loss: 2.117513794165391, Test Loss: 2.117415657846919
01-Feb-25 04:33:41 - Train Acc: 17.79500261877046, Test Acc: 17.834249084249084

01-Feb-25 04:33:43 - Epoch 2, Train Loss: 2.101725697080731, Test Loss: 2.101595110508985
01-Feb-25 04:33:43 - Train Acc: 17.56606488983273, Test Acc: 17.600405565548293

01-Feb-25 04:33:44 - Epoch 3, Train Loss: 2.1004835677234244, Test Loss: 2.1003736357985834
01-Feb-25 04:33:44 - Train Acc: 21.938775512543355, Test Acc: 21.97148092500456

01-Feb-25 04:33:46 - Epoch 4, Train Loss: 2.0994355154561473, Test Loss: 2.0993592031709443
01-Feb-25 04:33:46 - Train Acc: 21.641156464924308, Test Acc: 21.68040293040293

01-Feb-25 04:33:47 - Epoch 5, Train Loss: 2.081801706618005, Test Loss: 2.081732207602197
01-Feb-25 04:33:47 - Train Acc: 18.473639462020373, Test Acc: 18.499803783256056

01-Feb-25 04:33:49 - Epoch 6, Train Loss: 2.0893289911877977, Test Loss: 2.0891966348165996
01-Feb-25 04:33:49 - Train Acc: 21.4187598162955, Test Acc: 21.449829938210847

01-Feb-25 04:33:51 - Epoch 7, Train Loss: 2.098973736658201, Test Loss: 2.09890233029376
01-Feb-25 04:33:51 - Train Acc: 18.022305078995533, Test Acc: 18.050104663485573

01-Feb-25 04:33:52 - Epoch 8, Train Loss: 2.0738741548070103, Test Loss: 2.0737994533755404
01-Feb-25 04:33:52 - Train Acc: 17.31096285603422, Test Acc: 17.327315554077373

01-Feb-25 04:33:54 - Epoch 9, Train Loss: 2.075384620345119, Test Loss: 2.0753013904278097
01-Feb-25 04:33:54 - Train Acc: 19.011643125024033, Test Acc: 19.04107799460163

01-Feb-25 04:33:55 - Epoch 10, Train Loss: 2.074476408434438, Test Loss: 2.07436380368886
01-Feb-25 04:33:55 - Train Acc: 15.891548928432849, Test Acc: 15.917713257855985

01-Feb-25 04:33:57 - Epoch 11, Train Loss: 2.0611145199436844, Test Loss: 2.060985239870819
01-Feb-25 04:33:57 - Train Acc: 20.8856619594298, Test Acc: 20.924908424908423

01-Feb-25 04:33:59 - Epoch 12, Train Loss: 2.0811158078057423, Test Loss: 2.08100790200216
01-Feb-25 04:33:59 - Train Acc: 19.92739404077495, Test Acc: 19.94865255041437

01-Feb-25 04:34:00 - Epoch 13, Train Loss: 2.104878307698847, Test Loss: 2.1046709210881382
01-Feb-25 04:34:00 - Train Acc: 22.06305599474645, Test Acc: 22.082679241131512

01-Feb-25 04:34:02 - Epoch 14, Train Loss: 2.0591934832024488, Test Loss: 2.0590403210985793
01-Feb-25 04:34:02 - Train Acc: 22.051609108299562, Test Acc: 22.089220315982136

01-Feb-25 04:34:04 - Epoch 15, Train Loss: 2.0613581356984794, Test Loss: 2.0612444384194117
01-Feb-25 04:34:04 - Train Acc: 21.497252747252748, Test Acc: 21.528322880084698

01-Feb-25 04:34:05 - Epoch 16, Train Loss: 2.0794369781410302, Test Loss: 2.079338047967289
01-Feb-25 04:34:05 - Train Acc: 20.39181057350103, Test Acc: 20.419610157991066

01-Feb-25 04:34:07 - Epoch 17, Train Loss: 2.047347680989639, Test Loss: 2.047217552915161
01-Feb-25 04:34:07 - Train Acc: 27.771781794317477, Test Acc: 27.763605445295898

01-Feb-25 04:34:08 - Epoch 18, Train Loss: 2.0354181087060725, Test Loss: 2.0355811503343966
01-Feb-25 04:34:08 - Train Acc: 27.621336996336996, Test Acc: 27.614795921486376

01-Feb-25 04:34:10 - Epoch 19, Train Loss: 2.028779921950875, Test Loss: 2.0287339757213663
01-Feb-25 04:34:10 - Train Acc: 26.37199111037202, Test Acc: 26.36872056748841

01-Feb-25 04:34:12 - Epoch 20, Train Loss: 2.0513532292711867, Test Loss: 2.051235597212236
01-Feb-25 04:34:12 - Train Acc: 22.57162481000572, Test Acc: 22.576530621601986

01-Feb-25 04:34:13 - Epoch 21, Train Loss: 2.0090783419626534, Test Loss: 2.009176497494345
01-Feb-25 04:34:13 - Train Acc: 30.487964419654872, Test Acc: 30.481423344804252

01-Feb-25 04:34:15 - Epoch 22, Train Loss: 2.042218792132842, Test Loss: 2.04239652750693
01-Feb-25 04:34:15 - Train Acc: 28.594322344322343, Test Acc: 28.587781269471723

01-Feb-25 04:34:16 - Epoch 23, Train Loss: 2.013244240275233, Test Loss: 2.013110338113247
01-Feb-25 04:34:16 - Train Acc: 28.0775771909581, Test Acc: 28.085753539979677

01-Feb-25 04:34:18 - Epoch 24, Train Loss: 1.9968782183014866, Test Loss: 1.9968611595831511
01-Feb-25 04:34:18 - Train Acc: 32.24914966922103, Test Acc: 32.25078493247538

01-Feb-25 04:34:20 - Epoch 25, Train Loss: 2.0287946602363727, Test Loss: 2.028649303502652
01-Feb-25 04:34:20 - Train Acc: 25.75058869935654, Test Acc: 25.76203559126173

01-Feb-25 04:34:21 - Epoch 26, Train Loss: 2.0005901344529877, Test Loss: 2.000625898549845
01-Feb-25 04:34:21 - Train Acc: 30.803571428571427, Test Acc: 30.80030089114612

01-Feb-25 04:34:23 - Epoch 27, Train Loss: 2.0039061849370543, Test Loss: 2.003827455716255
01-Feb-25 04:34:23 - Train Acc: 27.48070383246565, Test Acc: 27.485609644061917

01-Feb-25 04:34:25 - Epoch 28, Train Loss: 2.000039870485718, Test Loss: 1.999946993349236
01-Feb-25 04:34:25 - Train Acc: 27.829016226551907, Test Acc: 27.83228676397722

01-Feb-25 04:34:26 - Epoch 29, Train Loss: 1.9785846978316814, Test Loss: 1.978541714367849
01-Feb-25 04:34:26 - Train Acc: 30.831371013061467, Test Acc: 30.8264652014652

01-Feb-25 04:34:28 - Epoch 30, Train Loss: 2.0794317014924775, Test Loss: 2.0795771857321044
01-Feb-25 04:34:28 - Train Acc: 22.996794871794872, Test Acc: 22.988618525502446

01-Feb-25 04:34:29 - Epoch 31, Train Loss: 1.9906731276285081, Test Loss: 1.990583700138134
01-Feb-25 04:34:29 - Train Acc: 27.519950292485973, Test Acc: 27.513409212177052

01-Feb-25 04:34:31 - Epoch 32, Train Loss: 2.0084766952982753, Test Loss: 2.0083846766433435
01-Feb-25 04:34:31 - Train Acc: 28.51419413919414, Test Acc: 28.540358460429825

01-Feb-25 04:34:33 - Epoch 33, Train Loss: 1.986537298876724, Test Loss: 1.9865964686040913
01-Feb-25 04:34:33 - Train Acc: 28.584510732046414, Test Acc: 28.576334383024836

01-Feb-25 04:34:34 - Epoch 34, Train Loss: 1.9827000754220145, Test Loss: 1.982657994106139
01-Feb-25 04:34:34 - Train Acc: 30.900052331742785, Test Acc: 30.903322880084698

01-Feb-25 04:34:36 - Epoch 35, Train Loss: 1.9690445133181282, Test Loss: 1.9690375052965605
01-Feb-25 04:34:36 - Train Acc: 31.668628997855134, Test Acc: 31.66045264883356

01-Feb-25 04:34:37 - Epoch 36, Train Loss: 1.9851206676427262, Test Loss: 1.985045653559786
01-Feb-25 04:34:37 - Train Acc: 30.05952380952381, Test Acc: 30.062794357865723

01-Feb-25 04:34:39 - Epoch 37, Train Loss: 1.9577544429800013, Test Loss: 1.9576699283970145
01-Feb-25 04:34:39 - Train Acc: 31.429879656641475, Test Acc: 31.42824438247052

01-Feb-25 04:34:41 - Epoch 38, Train Loss: 1.968620240906656, Test Loss: 1.968621463129372
01-Feb-25 04:34:41 - Train Acc: 31.101190476190474, Test Acc: 31.09955521293612

01-Feb-25 04:34:42 - Epoch 39, Train Loss: 1.973272239332234, Test Loss: 1.973286204285674
01-Feb-25 04:34:42 - Train Acc: 31.84360283198374, Test Acc: 31.853414455176274

01-Feb-25 04:34:44 - Epoch 40, Train Loss: 1.9654426378208203, Test Loss: 1.965439035778954
01-Feb-25 04:34:44 - Train Acc: 31.575418632109088, Test Acc: 31.572148094683776

01-Feb-25 04:34:45 - Epoch 41, Train Loss: 1.9605876809948093, Test Loss: 1.960560407394018
01-Feb-25 04:34:45 - Train Acc: 32.43720566396748, Test Acc: 32.43066457820026

01-Feb-25 04:34:47 - Epoch 42, Train Loss: 1.9512324656322326, Test Loss: 1.9511967613583518
01-Feb-25 04:34:47 - Train Acc: 31.675170072705754, Test Acc: 31.681711158472975

01-Feb-25 04:34:49 - Epoch 43, Train Loss: 1.956471739234505, Test Loss: 1.9563371235634381
01-Feb-25 04:34:49 - Train Acc: 33.61787023125114, Test Acc: 33.63258766603994

01-Feb-25 04:34:50 - Epoch 44, Train Loss: 1.9742461438580747, Test Loss: 1.9741714415532765
01-Feb-25 04:34:50 - Train Acc: 33.235217166907624, Test Acc: 33.236852441078575

01-Feb-25 04:34:52 - Epoch 45, Train Loss: 1.960284608187693, Test Loss: 1.9602261567727113
01-Feb-25 04:34:52 - Train Acc: 32.64161434584048, Test Acc: 32.65142595811641

01-Feb-25 04:34:53 - Epoch 46, Train Loss: 1.96421978587196, Test Loss: 1.9642266091846285
01-Feb-25 04:34:53 - Train Acc: 31.454408692789602, Test Acc: 31.446232343768024

01-Feb-25 04:34:55 - Epoch 47, Train Loss: 1.9586809978380308, Test Loss: 1.9585966347774744
01-Feb-25 04:34:55 - Train Acc: 32.22625589632726, Test Acc: 32.231161707923526

01-Feb-25 04:34:57 - Epoch 48, Train Loss: 1.95311395632915, Test Loss: 1.9530364986741062
01-Feb-25 04:34:57 - Train Acc: 34.11989797165979, Test Acc: 34.13461540644859

01-Feb-25 04:34:58 - Epoch 49, Train Loss: 1.943995279706878, Test Loss: 1.9439360746097216
01-Feb-25 04:34:58 - Train Acc: 35.15338827838828, Test Acc: 35.16319990158081

01-Feb-25 04:35:00 - Epoch 50, Train Loss: 1.9522011620657784, Test Loss: 1.952158592122815
01-Feb-25 04:35:00 - Train Acc: 34.337388814150636, Test Acc: 34.33575353997968

01-Feb-25 04:35:02 - Epoch 51, Train Loss: 1.9658399409863538, Test Loss: 1.965781921868796
01-Feb-25 04:35:02 - Train Acc: 31.76510989010989, Test Acc: 31.77165097587711

01-Feb-25 04:35:03 - Epoch 52, Train Loss: 1.9440628329476157, Test Loss: 1.944062896700569
01-Feb-25 04:35:03 - Train Acc: 33.09621926629063, Test Acc: 33.106030889483165

01-Feb-25 04:35:05 - Epoch 53, Train Loss: 1.9502101219617403, Test Loss: 1.9501970067565695
01-Feb-25 04:35:05 - Train Acc: 36.75431711769803, Test Acc: 36.760858192548646

01-Feb-25 04:35:06 - Epoch 54, Train Loss: 1.9729065633082128, Test Loss: 1.9728276961015694
01-Feb-25 04:35:06 - Train Acc: 34.85086343008957, Test Acc: 34.85576923076923

01-Feb-25 04:35:08 - Epoch 55, Train Loss: 1.945709227642297, Test Loss: 1.9455942736440526
01-Feb-25 04:35:08 - Train Acc: 37.321755628446084, Test Acc: 37.336473063234884

01-Feb-25 04:35:10 - Epoch 56, Train Loss: 1.97240759907188, Test Loss: 1.9723609602931655
01-Feb-25 04:35:10 - Train Acc: 32.419217691753374, Test Acc: 32.42575877752059

01-Feb-25 04:35:11 - Epoch 57, Train Loss: 1.9413568047813443, Test Loss: 1.9412738643723093
01-Feb-25 04:35:11 - Train Acc: 32.55167451751974, Test Acc: 32.5533097916907

01-Feb-25 04:35:13 - Epoch 58, Train Loss: 1.935573113706959, Test Loss: 1.9354369063953778
01-Feb-25 04:35:13 - Train Acc: 32.38324175824176, Test Acc: 32.388147569838026

01-Feb-25 04:35:14 - Epoch 59, Train Loss: 1.9696731737681799, Test Loss: 1.9696423819650224
01-Feb-25 04:35:14 - Train Acc: 33.23848771524953, Test Acc: 33.24666405335451

01-Feb-25 04:35:16 - Epoch 60, Train Loss: 1.9495743403941284, Test Loss: 1.9495364654631842
01-Feb-25 04:35:16 - Train Acc: 37.86302983979166, Test Acc: 37.85975929144975

01-Feb-25 04:35:18 - Epoch 61, Train Loss: 1.9344019885464903, Test Loss: 1.9343396988543835
01-Feb-25 04:35:18 - Train Acc: 36.888409217635356, Test Acc: 36.89004449180631

01-Feb-25 04:35:19 - Epoch 62, Train Loss: 1.9341056958223, Test Loss: 1.933955762849186
01-Feb-25 04:35:19 - Train Acc: 38.88834380841517, Test Acc: 38.90142595811641

01-Feb-25 04:35:21 - Epoch 63, Train Loss: 1.953294704685281, Test Loss: 1.9532047235048735
01-Feb-25 04:35:21 - Train Acc: 37.18766353942536, Test Acc: 37.19747516261789

01-Feb-25 04:35:23 - Epoch 64, Train Loss: 1.9434119777365044, Test Loss: 1.943321372126485
01-Feb-25 04:35:23 - Train Acc: 38.89161434584048, Test Acc: 38.89488488326579

01-Feb-25 04:35:24 - Epoch 65, Train Loss: 1.93438216705462, Test Loss: 1.9342764419513745
01-Feb-25 04:35:24 - Train Acc: 39.00444793613839, Test Acc: 39.01262429607657

01-Feb-25 04:35:26 - Epoch 66, Train Loss: 1.9362325415069803, Test Loss: 1.9360724421211215
01-Feb-25 04:35:26 - Train Acc: 37.4051543819162, Test Acc: 37.408424908424905

01-Feb-25 04:35:27 - Epoch 67, Train Loss: 1.924556369309897, Test Loss: 1.924538091862158
01-Feb-25 04:35:27 - Train Acc: 37.98894559070741, Test Acc: 37.995486665558026

01-Feb-25 04:35:29 - Epoch 68, Train Loss: 1.9585508505503337, Test Loss: 1.9584888302799546
01-Feb-25 04:35:29 - Train Acc: 35.79114339290521, Test Acc: 35.79768446775583

01-Feb-25 04:35:31 - Epoch 69, Train Loss: 1.932087739308675, Test Loss: 1.9320353776107342
01-Feb-25 04:35:31 - Train Acc: 36.99797227050795, Test Acc: 36.99960754467891

01-Feb-25 04:35:32 - Epoch 70, Train Loss: 1.9147393310463034, Test Loss: 1.9146309178390784
01-Feb-25 04:35:32 - Train Acc: 38.92268446775583, Test Acc: 38.93576661745707

01-Feb-25 04:35:34 - Epoch 71, Train Loss: 1.917946077965118, Test Loss: 1.917810103395483
01-Feb-25 04:35:34 - Train Acc: 38.76406332075378, Test Acc: 38.77387494394631

01-Feb-25 04:35:35 - Epoch 72, Train Loss: 1.9267485233453603, Test Loss: 1.9266941778825752
01-Feb-25 04:35:35 - Train Acc: 37.58503401672447, Test Acc: 37.58666929089543

01-Feb-25 04:35:37 - Epoch 73, Train Loss: 1.9319458025279062, Test Loss: 1.9318198895716405
01-Feb-25 04:35:37 - Train Acc: 38.512231818922274, Test Acc: 38.528584516965424

01-Feb-25 04:35:39 - Epoch 74, Train Loss: 1.921238938530723, Test Loss: 1.9211618904665713
01-Feb-25 04:35:39 - Train Acc: 38.60053637307205, Test Acc: 38.61525379694425

01-Feb-25 04:35:40 - Epoch 75, Train Loss: 1.9046405383518763, Test Loss: 1.904552420417031
01-Feb-25 04:35:40 - Train Acc: 39.00117740962968, Test Acc: 39.00281267288403

01-Feb-25 04:35:42 - Epoch 76, Train Loss: 1.942706782302577, Test Loss: 1.9427801689385495
01-Feb-25 04:35:42 - Train Acc: 37.61773941281078, Test Acc: 37.61937467606513

01-Feb-25 04:35:44 - Epoch 77, Train Loss: 1.9109439369523045, Test Loss: 1.9108652749777713
01-Feb-25 04:35:44 - Train Acc: 37.864665103046015, Test Acc: 37.86957091464228

01-Feb-25 04:35:45 - Epoch 78, Train Loss: 1.9112013892813042, Test Loss: 1.9111208767244667
01-Feb-25 04:35:45 - Train Acc: 40.531789645170555, Test Acc: 40.535060193512464

01-Feb-25 04:35:47 - Epoch 79, Train Loss: 1.9115624633027521, Test Loss: 1.911508682446602
01-Feb-25 04:35:47 - Train Acc: 37.45584772838341, Test Acc: 37.47056515225561

01-Feb-25 04:35:48 - Epoch 80, Train Loss: 1.9105269865238623, Test Loss: 1.9104836759986459
01-Feb-25 04:35:48 - Train Acc: 40.17857142857143, Test Acc: 40.1834772401677

01-Feb-25 04:35:50 - Epoch 81, Train Loss: 1.9090565980135739, Test Loss: 1.9088974269755157
01-Feb-25 04:35:50 - Train Acc: 39.426347471418836, Test Acc: 39.44760598105825

01-Feb-25 04:35:52 - Epoch 82, Train Loss: 1.9140767955081366, Test Loss: 1.91401553721655
01-Feb-25 04:35:52 - Train Acc: 39.04696494450063, Test Acc: 39.056776556776555

01-Feb-25 04:35:53 - Epoch 83, Train Loss: 1.909050057659219, Test Loss: 1.9089063357957554
01-Feb-25 04:35:53 - Train Acc: 39.66182627520718, Test Acc: 39.68472004810096

01-Feb-25 04:35:55 - Epoch 84, Train Loss: 1.915090105472467, Test Loss: 1.9150523990938515
01-Feb-25 04:35:55 - Train Acc: 38.983189437415575, Test Acc: 38.99463633477906

01-Feb-25 04:35:56 - Epoch 85, Train Loss: 1.9161100841703869, Test Loss: 1.916012745200496
01-Feb-25 04:35:56 - Train Acc: 40.31266353942536, Test Acc: 40.330651500722865

01-Feb-25 04:35:58 - Epoch 86, Train Loss: 1.898713116244082, Test Loss: 1.8985892420723325
01-Feb-25 04:35:58 - Train Acc: 40.18511251433865, Test Acc: 40.201465223298406

01-Feb-25 04:36:00 - Epoch 87, Train Loss: 1.9072236246241754, Test Loss: 1.9071390065518055
01-Feb-25 04:36:00 - Train Acc: 39.11891680060725, Test Acc: 39.13363423539605

01-Feb-25 04:36:01 - Epoch 88, Train Loss: 1.9443781568017198, Test Loss: 1.944203372840043
01-Feb-25 04:36:01 - Train Acc: 38.62997122081645, Test Acc: 38.656135552968735

01-Feb-25 04:36:03 - Epoch 89, Train Loss: 1.916306727098458, Test Loss: 1.916290636901017
01-Feb-25 04:36:03 - Train Acc: 38.87199111037202, Test Acc: 38.886708545160815

01-Feb-25 04:36:05 - Epoch 90, Train Loss: 1.8989463228009122, Test Loss: 1.898929109503498
01-Feb-25 04:36:05 - Train Acc: 39.9349162866781, Test Acc: 39.94145736152873

01-Feb-25 04:36:06 - Epoch 91, Train Loss: 1.9660547067830851, Test Loss: 1.965973021783235
01-Feb-25 04:36:06 - Train Acc: 37.76981947404561, Test Acc: 37.779631086321544

01-Feb-25 04:36:08 - Epoch 92, Train Loss: 1.9218600765689389, Test Loss: 1.921822576295762
01-Feb-25 04:36:08 - Train Acc: 39.656920463610916, Test Acc: 39.67817897325034

01-Feb-25 04:36:09 - Epoch 93, Train Loss: 1.9066576080007867, Test Loss: 1.9064976762939285
01-Feb-25 04:36:09 - Train Acc: 40.217817899508354, Test Acc: 40.23580588263906

01-Feb-25 04:36:11 - Epoch 94, Train Loss: 1.9936889139287202, Test Loss: 1.9936544192142975
01-Feb-25 04:36:11 - Train Acc: 32.37833595756209, Test Acc: 32.389782854925585

01-Feb-25 04:36:13 - Epoch 95, Train Loss: 1.8925978678923387, Test Loss: 1.8925241371650836
01-Feb-25 04:36:13 - Train Acc: 41.952838827838825, Test Acc: 41.96265045103136

01-Feb-25 04:36:14 - Epoch 96, Train Loss: 1.9205012098773495, Test Loss: 1.920417675605187
01-Feb-25 04:36:14 - Train Acc: 38.15901361323975, Test Acc: 38.17373103711195

01-Feb-25 04:36:16 - Epoch 97, Train Loss: 1.9070574848643154, Test Loss: 1.9069873561789266
01-Feb-25 04:36:16 - Train Acc: 40.347004198766015, Test Acc: 40.361721633554815

01-Feb-25 04:36:18 - Epoch 98, Train Loss: 1.9154870697866866, Test Loss: 1.9154211771793854
01-Feb-25 04:36:18 - Train Acc: 39.40999477337568, Test Acc: 39.41980639656821

01-Feb-25 04:36:19 - Epoch 99, Train Loss: 1.9071723790395827, Test Loss: 1.9070794708999521
01-Feb-25 04:36:19 - Train Acc: 39.843341195103015, Test Acc: 39.856423344804256

01-Feb-25 04:36:21 - Epoch 100, Train Loss: 1.9188458430461395, Test Loss: 1.918801758752201
01-Feb-25 04:36:21 - Train Acc: 38.12140241647378, Test Acc: 38.126308228070044

01-Feb-25 04:36:22 - Epoch 101, Train Loss: 1.9074059571975317, Test Loss: 1.9072988766890306
01-Feb-25 04:36:22 - Train Acc: 40.9389717456622, Test Acc: 40.95532444370535

01-Feb-25 04:36:24 - Epoch 102, Train Loss: 1.9207678985246373, Test Loss: 1.920652062464983
01-Feb-25 04:36:24 - Train Acc: 38.84419152588198, Test Acc: 38.855638412328865

01-Feb-25 04:36:26 - Epoch 103, Train Loss: 1.8933386021044665, Test Loss: 1.893198888380449
01-Feb-25 04:36:26 - Train Acc: 40.55304814389337, Test Acc: 40.57430666444939

01-Feb-25 04:36:27 - Epoch 104, Train Loss: 1.9473147842036935, Test Loss: 1.9470652560174684
01-Feb-25 04:36:27 - Train Acc: 35.59981684981685, Test Acc: 35.629251719394446

01-Feb-25 04:36:29 - Epoch 105, Train Loss: 2.038215072600396, Test Loss: 2.0380543099218236
01-Feb-25 04:36:29 - Train Acc: 30.58444532282623, Test Acc: 30.608974380807563

01-Feb-25 04:36:31 - Epoch 106, Train Loss: 1.8899239546213396, Test Loss: 1.8897726103499695
01-Feb-25 04:36:31 - Train Acc: 40.41077970585107, Test Acc: 40.43367347874484

01-Feb-25 04:36:32 - Epoch 107, Train Loss: 1.8964081015778986, Test Loss: 1.8963084731783186
01-Feb-25 04:36:32 - Train Acc: 39.15816327154418, Test Acc: 39.167974894736716

01-Feb-25 04:36:34 - Epoch 108, Train Loss: 1.8920936829004533, Test Loss: 1.891966041191157
01-Feb-25 04:36:34 - Train Acc: 40.50562533485147, Test Acc: 40.521978043811224

01-Feb-25 04:36:35 - Epoch 109, Train Loss: 1.9117752872543894, Test Loss: 1.911670411026085
01-Feb-25 04:36:35 - Train Acc: 40.34863946202037, Test Acc: 40.360086348467256

01-Feb-25 04:36:37 - Epoch 110, Train Loss: 1.8979257952162634, Test Loss: 1.8978468013770415
01-Feb-25 04:36:37 - Train Acc: 41.148286250048066, Test Acc: 41.1580978732406

01-Feb-25 04:36:39 - Epoch 111, Train Loss: 1.9108104972175626, Test Loss: 1.9107487817387006
01-Feb-25 04:36:39 - Train Acc: 40.18511252525525, Test Acc: 40.188383051763964

01-Feb-25 04:36:40 - Epoch 112, Train Loss: 1.9181911233580593, Test Loss: 1.9180726419875036
01-Feb-25 04:36:40 - Train Acc: 37.65044479798048, Test Acc: 37.66189169534397

01-Feb-25 04:36:42 - Epoch 113, Train Loss: 1.8947970452326122, Test Loss: 1.8947366528458647
01-Feb-25 04:36:42 - Train Acc: 42.1621533322247, Test Acc: 42.17850603026785

01-Feb-25 04:36:44 - Epoch 114, Train Loss: 1.8970427150691385, Test Loss: 1.897003329717196
01-Feb-25 04:36:44 - Train Acc: 40.831043956043956, Test Acc: 40.83758505272778

01-Feb-25 04:36:45 - Epoch 115, Train Loss: 1.8955567345951065, Test Loss: 1.8954807471879673
01-Feb-25 04:36:45 - Train Acc: 41.705913137603595, Test Acc: 41.71081894919986

01-Feb-25 04:36:47 - Epoch 116, Train Loss: 1.894358408320081, Test Loss: 1.894198143875206
01-Feb-25 04:36:47 - Train Acc: 41.432823137049276, Test Acc: 41.44917584600903

01-Feb-25 04:36:48 - Epoch 117, Train Loss: 1.911065792862749, Test Loss: 1.9110098679860432
01-Feb-25 04:36:48 - Train Acc: 40.675693357383814, Test Acc: 40.68550498057635

01-Feb-25 04:36:50 - Epoch 118, Train Loss: 1.900174508164654, Test Loss: 1.9001743024958795
01-Feb-25 04:36:50 - Train Acc: 40.55468341806433, Test Acc: 40.561224492914945

01-Feb-25 04:36:52 - Epoch 119, Train Loss: 1.9078090959416205, Test Loss: 1.907829313051133
01-Feb-25 04:36:52 - Train Acc: 40.45820251489297, Test Acc: 40.459837789063926

01-Feb-25 04:36:53 - Epoch 120, Train Loss: 1.8859106677792448, Test Loss: 1.8858848766529517
01-Feb-25 04:36:53 - Train Acc: 42.55952380952381, Test Acc: 42.56442962112008

01-Feb-25 04:36:55 - Epoch 121, Train Loss: 1.90971971256829, Test Loss: 1.9095918136638599
01-Feb-25 04:36:55 - Train Acc: 39.398547886928796, Test Acc: 39.41980639656821

01-Feb-25 04:36:57 - Epoch 122, Train Loss: 1.88001668715215, Test Loss: 1.8798528066921583
01-Feb-25 04:36:57 - Train Acc: 42.11636578643715, Test Acc: 42.13435374773466

01-Feb-25 04:36:58 - Epoch 123, Train Loss: 1.891544601856134, Test Loss: 1.8914325521105813
01-Feb-25 04:36:58 - Train Acc: 41.76478284400898, Test Acc: 41.78767662781935

01-Feb-25 04:37:00 - Epoch 124, Train Loss: 1.8929403029082021, Test Loss: 1.8927852810520829
01-Feb-25 04:37:00 - Train Acc: 39.89894035316649, Test Acc: 39.91856358863495

01-Feb-25 04:37:01 - Epoch 125, Train Loss: 1.8923033663641402, Test Loss: 1.8921943479405219
01-Feb-25 04:37:01 - Train Acc: 40.93243067081158, Test Acc: 40.94714810560038

01-Feb-25 04:37:03 - Epoch 126, Train Loss: 1.8841848718377696, Test Loss: 1.8840941767116168
01-Feb-25 04:37:03 - Train Acc: 41.58653846153846, Test Acc: 41.5996206330729

01-Feb-25 04:37:05 - Epoch 127, Train Loss: 1.8753548048354767, Test Loss: 1.8752328711988289
01-Feb-25 04:37:05 - Train Acc: 42.86368394291008, Test Acc: 42.883307178378544

01-Feb-25 04:37:06 - Epoch 128, Train Loss: 1.8754579510007585, Test Loss: 1.8753866101359273
01-Feb-25 04:37:06 - Train Acc: 43.52269755614983, Test Acc: 43.53414444259671

01-Feb-25 04:37:08 - Epoch 129, Train Loss: 1.9300676020947132, Test Loss: 1.9299789911661394
01-Feb-25 04:37:08 - Train Acc: 40.793432770194585, Test Acc: 40.808150204983384

01-Feb-25 04:37:10 - Epoch 130, Train Loss: 1.8851192600124484, Test Loss: 1.8849919728743725
01-Feb-25 04:37:10 - Train Acc: 41.90378075554257, Test Acc: 41.92013345358573

01-Feb-25 04:37:11 - Epoch 131, Train Loss: 1.8939465808344411, Test Loss: 1.893921339904869
01-Feb-25 04:37:11 - Train Acc: 42.682169033930855, Test Acc: 42.69034537203583

01-Feb-25 04:37:13 - Epoch 132, Train Loss: 1.8879364816260424, Test Loss: 1.8878140532490097
01-Feb-25 04:37:13 - Train Acc: 41.66339614015796, Test Acc: 41.6764782898592

01-Feb-25 04:37:15 - Epoch 133, Train Loss: 1.875350528584295, Test Loss: 1.8752347746174851
01-Feb-25 04:37:15 - Train Acc: 43.14331501831502, Test Acc: 43.16457352795444

01-Feb-25 04:37:16 - Epoch 134, Train Loss: 1.9036660866859632, Test Loss: 1.903617439689217
01-Feb-25 04:37:16 - Train Acc: 39.85151753320799, Test Acc: 39.86459970474243

01-Feb-25 04:37:18 - Epoch 135, Train Loss: 1.9031429094272656, Test Loss: 1.9030786805100492
01-Feb-25 04:37:18 - Train Acc: 40.158948204019566, Test Acc: 40.16712454212454

01-Feb-25 04:37:19 - Epoch 136, Train Loss: 1.9023309387130178, Test Loss: 1.9022872277668543
01-Feb-25 04:37:19 - Train Acc: 40.232535334297154, Test Acc: 40.232535334297154

01-Feb-25 04:37:21 - Epoch 137, Train Loss: 1.9004732881273543, Test Loss: 1.9004832204881605
01-Feb-25 04:37:21 - Train Acc: 41.063252233323595, Test Acc: 41.06979330817422

01-Feb-25 04:37:23 - Epoch 138, Train Loss: 1.9387463632520738, Test Loss: 1.9386678554199555
01-Feb-25 04:37:23 - Train Acc: 37.44276556776557, Test Acc: 37.44930665353279

01-Feb-25 04:37:24 - Epoch 139, Train Loss: 1.873423117421049, Test Loss: 1.8733104118060717
01-Feb-25 04:37:24 - Train Acc: 43.197278924040745, Test Acc: 43.21199635882954

01-Feb-25 04:37:26 - Epoch 140, Train Loss: 1.9312374604927314, Test Loss: 1.9311148971865029
01-Feb-25 04:37:26 - Train Acc: 38.695382002072456, Test Acc: 38.6937467388181

01-Feb-25 04:37:28 - Epoch 141, Train Loss: 1.887541875734434, Test Loss: 1.8874385151670965
01-Feb-25 04:37:28 - Train Acc: 41.15973313649496, Test Acc: 41.17445057128375

01-Feb-25 04:37:29 - Epoch 142, Train Loss: 1.876077494778476, Test Loss: 1.8759783301161321
01-Feb-25 04:37:29 - Train Acc: 43.0746336996337, Test Acc: 43.086080607913786

01-Feb-25 04:37:31 - Epoch 143, Train Loss: 1.895559359819461, Test Loss: 1.8954237214811556
01-Feb-25 04:37:31 - Train Acc: 40.44512036519173, Test Acc: 40.463108326489234

01-Feb-25 04:37:32 - Epoch 144, Train Loss: 1.9036633029525534, Test Loss: 1.903598210313818
01-Feb-25 04:37:32 - Train Acc: 39.10746991416037, Test Acc: 39.11891680060725

01-Feb-25 04:37:34 - Epoch 145, Train Loss: 1.8906257244256826, Test Loss: 1.8905409701141245
01-Feb-25 04:37:34 - Train Acc: 43.267595505976416, Test Acc: 43.2790423924233

01-Feb-25 04:37:35 - Epoch 146, Train Loss: 1.8993769600277854, Test Loss: 1.89927757921673
01-Feb-25 04:37:35 - Train Acc: 39.43452380952381, Test Acc: 39.44760598105825

01-Feb-25 04:37:37 - Epoch 147, Train Loss: 1.8924503937745705, Test Loss: 1.8923137458689483
01-Feb-25 04:37:37 - Train Acc: 42.98632915640052, Test Acc: 43.01085821438185

01-Feb-25 04:37:39 - Epoch 148, Train Loss: 1.989994561279213, Test Loss: 1.9899119527348668
01-Feb-25 04:37:39 - Train Acc: 29.928702257928393, Test Acc: 29.920525908906818

01-Feb-25 04:37:40 - Epoch 149, Train Loss: 1.8916381850784079, Test Loss: 1.8915200495457911
01-Feb-25 04:37:40 - Train Acc: 42.26354004699232, Test Acc: 42.27825748178112

01-Feb-25 04:37:42 - Epoch 150, Train Loss: 1.8824961997650482, Test Loss: 1.8823693484177082
01-Feb-25 04:37:42 - Train Acc: 42.83097855774037, Test Acc: 42.840790180932906

01-Feb-25 04:37:43 - Epoch 151, Train Loss: 1.8974998110816592, Test Loss: 1.8974182658143095
01-Feb-25 04:37:43 - Train Acc: 42.26354004699232, Test Acc: 42.27335167018485

01-Feb-25 04:37:45 - Epoch 152, Train Loss: 1.8957588725037626, Test Loss: 1.8957762879766387
01-Feb-25 04:37:45 - Train Acc: 40.858843540534, Test Acc: 40.84249084249084

01-Feb-25 04:37:47 - Epoch 153, Train Loss: 1.8986077758418771, Test Loss: 1.8985831506086357
01-Feb-25 04:37:47 - Train Acc: 42.3044217811836, Test Acc: 42.31750393088484

01-Feb-25 04:37:48 - Epoch 154, Train Loss: 1.8864292046089313, Test Loss: 1.8864276867646437
01-Feb-25 04:37:48 - Train Acc: 42.9176478377192, Test Acc: 42.92091838606111

01-Feb-25 04:37:50 - Epoch 155, Train Loss: 1.8946964190556452, Test Loss: 1.8945873028192766
01-Feb-25 04:37:50 - Train Acc: 40.93570120823689, Test Acc: 40.95532444370535

01-Feb-25 04:37:51 - Epoch 156, Train Loss: 1.886451127764943, Test Loss: 1.8864701335683411
01-Feb-25 04:37:51 - Train Acc: 41.46062271062271, Test Acc: 41.457352184114

01-Feb-25 04:37:53 - Epoch 157, Train Loss: 1.8970471786492036, Test Loss: 1.896984834374089
01-Feb-25 04:37:53 - Train Acc: 41.20879120879121, Test Acc: 41.2202381170713

01-Feb-25 04:37:55 - Epoch 158, Train Loss: 1.8700122702252733, Test Loss: 1.8698750524730472
01-Feb-25 04:37:55 - Train Acc: 42.54971219724788, Test Acc: 42.567700169461986

01-Feb-25 04:37:56 - Epoch 159, Train Loss: 1.8742935404236063, Test Loss: 1.8742248531662937
01-Feb-25 04:37:56 - Train Acc: 41.34288331964514, Test Acc: 41.349424394495756

01-Feb-25 04:37:58 - Epoch 160, Train Loss: 1.8768875070543953, Test Loss: 1.8767398434244233
01-Feb-25 04:37:58 - Train Acc: 42.566064895291035, Test Acc: 42.57751179265452

01-Feb-25 04:37:59 - Epoch 161, Train Loss: 1.9339976057464823, Test Loss: 1.9339877934682936
01-Feb-25 04:37:59 - Train Acc: 36.24084249084249, Test Acc: 36.23593669016282

01-Feb-25 04:38:01 - Epoch 162, Train Loss: 1.866416525491428, Test Loss: 1.866313167107411
01-Feb-25 04:38:01 - Train Acc: 42.79173208680345, Test Acc: 42.811355333188516

01-Feb-25 04:38:03 - Epoch 163, Train Loss: 1.899214472089495, Test Loss: 1.8990784992665162
01-Feb-25 04:38:03 - Train Acc: 42.224293576055395, Test Acc: 42.237375725756635

01-Feb-25 04:38:04 - Epoch 164, Train Loss: 1.8828371889861948, Test Loss: 1.8827149370214442
01-Feb-25 04:38:04 - Train Acc: 43.012493466719604, Test Acc: 43.028846175679355

01-Feb-25 04:38:06 - Epoch 165, Train Loss: 1.8734248610206576, Test Loss: 1.8733594897902492
01-Feb-25 04:38:06 - Train Acc: 43.669871794871796, Test Acc: 43.67968341806433

01-Feb-25 04:38:07 - Epoch 166, Train Loss: 1.8975206294775881, Test Loss: 1.8974482135458306
01-Feb-25 04:38:07 - Train Acc: 40.43694401617015, Test Acc: 40.45166144004235

01-Feb-25 04:38:09 - Epoch 167, Train Loss: 1.903444916774065, Test Loss: 1.9033857308901274
01-Feb-25 04:38:09 - Train Acc: 40.36989797165979, Test Acc: 40.37970959485232

01-Feb-25 04:38:10 - Epoch 168, Train Loss: 1.8677544030514392, Test Loss: 1.8676707722765185
01-Feb-25 04:38:10 - Train Acc: 43.07136317312499, Test Acc: 43.084445322826234

01-Feb-25 04:38:12 - Epoch 169, Train Loss: 1.8813747783283612, Test Loss: 1.881273871376401
01-Feb-25 04:38:12 - Train Acc: 42.86368395382668, Test Acc: 42.86695448033539

01-Feb-25 04:38:14 - Epoch 170, Train Loss: 1.875971793691754, Test Loss: 1.8758778113585253
01-Feb-25 04:38:14 - Train Acc: 42.7753793887603, Test Acc: 42.783555748698475

01-Feb-25 04:38:15 - Epoch 171, Train Loss: 1.875749878394298, Test Loss: 1.8756313817405001
01-Feb-25 04:38:15 - Train Acc: 43.05173992673993, Test Acc: 43.06809262478308

01-Feb-25 04:38:17 - Epoch 172, Train Loss: 1.866352195268149, Test Loss: 1.8661957271806486
01-Feb-25 04:38:17 - Train Acc: 43.41967556721125, Test Acc: 43.436028276171

01-Feb-25 04:38:18 - Epoch 173, Train Loss: 1.8881305290229156, Test Loss: 1.8881278173390763
01-Feb-25 04:38:18 - Train Acc: 40.54977760646806, Test Acc: 40.55795396640624

01-Feb-25 04:38:20 - Epoch 174, Train Loss: 1.9352496574213216, Test Loss: 1.9351943988939782
01-Feb-25 04:38:20 - Train Acc: 38.30455259962396, Test Acc: 38.30455259962396

01-Feb-25 04:38:22 - Epoch 175, Train Loss: 1.8709233108457628, Test Loss: 1.8708511368258969
01-Feb-25 04:38:22 - Train Acc: 43.182561489251945, Test Acc: 43.200549472382654

01-Feb-25 04:38:23 - Epoch 176, Train Loss: 1.9012579935374276, Test Loss: 1.9011980111782367
01-Feb-25 04:38:23 - Train Acc: 39.28244375920558, Test Acc: 39.28244375920558

01-Feb-25 04:38:25 - Epoch 177, Train Loss: 1.925948196715051, Test Loss: 1.9258876274793575
01-Feb-25 04:38:25 - Train Acc: 39.498299327525466, Test Acc: 39.50811093980139

01-Feb-25 04:38:26 - Epoch 178, Train Loss: 1.8688683151762127, Test Loss: 1.8688000562863472
01-Feb-25 04:38:26 - Train Acc: 43.30030090206272, Test Acc: 43.30684197691334

01-Feb-25 04:38:28 - Epoch 179, Train Loss: 1.8693643463400258, Test Loss: 1.8692937010810489
01-Feb-25 04:38:28 - Train Acc: 41.9904500355214, Test Acc: 41.995355847117665

01-Feb-25 04:38:29 - Epoch 180, Train Loss: 1.8689639987526359, Test Loss: 1.8688782929500818
01-Feb-25 04:38:29 - Train Acc: 44.243851402303676, Test Acc: 44.25693355200492

01-Feb-25 04:38:31 - Epoch 181, Train Loss: 1.878712235789596, Test Loss: 1.8786100140421382
01-Feb-25 04:38:31 - Train Acc: 42.368197288268654, Test Acc: 42.38291472305745

01-Feb-25 04:38:33 - Epoch 182, Train Loss: 1.862213990627191, Test Loss: 1.8621173363465529
01-Feb-25 04:38:33 - Train Acc: 42.62002879010015, Test Acc: 42.62984041329268

01-Feb-25 04:38:34 - Epoch 183, Train Loss: 1.8715689195381415, Test Loss: 1.8714387443039444
01-Feb-25 04:38:34 - Train Acc: 41.06815804491986, Test Acc: 41.077969668112395

01-Feb-25 04:38:36 - Epoch 184, Train Loss: 1.9189445011781685, Test Loss: 1.9189996444261992
01-Feb-25 04:38:36 - Train Acc: 37.50163528508756, Test Acc: 37.49672947349129

01-Feb-25 04:38:37 - Epoch 185, Train Loss: 1.8716656039486002, Test Loss: 1.8715188350432959
01-Feb-25 04:38:37 - Train Acc: 42.7753793887603, Test Acc: 42.78682627520718

01-Feb-25 04:38:39 - Epoch 186, Train Loss: 1.9005880329635116, Test Loss: 1.9006431622382922
01-Feb-25 04:38:39 - Train Acc: 40.15077185499799, Test Acc: 40.15240712916895

01-Feb-25 04:38:41 - Epoch 187, Train Loss: 1.8862345070192665, Test Loss: 1.8861082652549603
01-Feb-25 04:38:41 - Train Acc: 42.582417582417584, Test Acc: 42.58732339401385

01-Feb-25 04:38:42 - Epoch 188, Train Loss: 1.8861929313603776, Test Loss: 1.8860642639271943
01-Feb-25 04:38:42 - Train Acc: 43.88245683668297, Test Acc: 43.89717426055517

01-Feb-25 04:38:44 - Epoch 189, Train Loss: 1.8765172277178084, Test Loss: 1.8764319446060684
01-Feb-25 04:38:44 - Train Acc: 42.53008896177942, Test Acc: 42.551347471418836

01-Feb-25 04:38:45 - Epoch 190, Train Loss: 1.9082221648631952, Test Loss: 1.908066036937001
01-Feb-25 04:38:45 - Train Acc: 41.13193355200492, Test Acc: 41.146650986793716

01-Feb-25 04:38:47 - Epoch 191, Train Loss: 1.862025478820661, Test Loss: 1.8619608346359198
01-Feb-25 04:38:47 - Train Acc: 44.53002356347584, Test Acc: 44.53983518666837

01-Feb-25 04:38:48 - Epoch 192, Train Loss: 1.8563158966246105, Test Loss: 1.8562123954514445
01-Feb-25 04:38:48 - Train Acc: 44.12284145206759, Test Acc: 44.1408294242817

01-Feb-25 04:38:50 - Epoch 193, Train Loss: 1.8687959651807289, Test Loss: 1.8686359618609643
01-Feb-25 04:38:50 - Train Acc: 43.40168760591374, Test Acc: 43.41640502978594

01-Feb-25 04:38:52 - Epoch 194, Train Loss: 1.8707431323362358, Test Loss: 1.8706831320738182
01-Feb-25 04:38:52 - Train Acc: 42.91110676286858, Test Acc: 42.924188912569825

01-Feb-25 04:38:53 - Epoch 195, Train Loss: 1.8722760651137802, Test Loss: 1.872234610410837
01-Feb-25 04:38:53 - Train Acc: 44.271650975877115, Test Acc: 44.288003684836866

01-Feb-25 04:38:55 - Epoch 196, Train Loss: 1.8784170617987386, Test Loss: 1.8783466964414268
01-Feb-25 04:38:55 - Train Acc: 41.4099293750721, Test Acc: 41.4099293750721

01-Feb-25 04:38:57 - Epoch 197, Train Loss: 1.879789413549961, Test Loss: 1.8797121694236447
01-Feb-25 04:38:57 - Train Acc: 41.16954474877088, Test Acc: 41.17608583453811

01-Feb-25 04:38:58 - Epoch 198, Train Loss: 1.886944395281893, Test Loss: 1.8868790725211957
01-Feb-25 04:38:58 - Train Acc: 42.54644165982257, Test Acc: 42.55788854626945

01-Feb-25 04:39:00 - Epoch 199, Train Loss: 1.8603263416569749, Test Loss: 1.8602638969491252
01-Feb-25 04:39:00 - Train Acc: 43.686224492914945, Test Acc: 43.69113030451121

01-Feb-25 04:39:01 - Epoch 200, Train Loss: 1.8857791620296436, Test Loss: 1.8858558716791454
01-Feb-25 04:39:01 - Train Acc: 41.40175301513393, Test Acc: 41.40175301513393

01-Feb-25 04:39:01 - Finished training neural network
01-Feb-25 04:39:01 - Saving model
01-Feb-25 04:39:01 - Model saved successfully

